{"meta": {"format": 3, "version": "7.13.0", "timestamp": "2025-12-18T21:43:17.632595", "branch_coverage": false, "show_contexts": false}, "files": {"launcher.py": {"executed_lines": [24, 104, 105, 106, 112, 113, 116, 117, 118, 119, 121, 122, 123, 124, 127, 128, 129, 131, 132, 133, 134, 137, 142, 164, 168, 174, 177, 179, 180, 181, 182, 184, 185, 186, 187, 188, 189, 190, 191, 192, 193, 195, 196, 199, 206, 207, 209, 210, 211, 212, 215], "summary": {"covered_lines": 50, "num_statements": 51, "percent_covered": 98.03921568627452, "percent_covered_display": "98", "missing_lines": 1, "excluded_lines": 0, "percent_statements_covered": 98.03921568627452, "percent_statements_covered_display": "98"}, "missing_lines": [216], "excluded_lines": [], "functions": {"main": {"executed_lines": [142, 164, 168, 174, 177, 179, 180, 181, 182, 184, 185, 186, 187, 188, 189, 190, 191, 192, 193, 195, 196], "summary": {"covered_lines": 21, "num_statements": 21, "percent_covered": 100.0, "percent_covered_display": "100", "missing_lines": 0, "excluded_lines": 0, "percent_statements_covered": 100.0, "percent_statements_covered_display": "100"}, "missing_lines": [], "excluded_lines": []}, "launch_cli": {"executed_lines": [206, 207, 209, 210, 211, 212], "summary": {"covered_lines": 6, "num_statements": 6, "percent_covered": 100.0, "percent_covered_display": "100", "missing_lines": 0, "excluded_lines": 0, "percent_statements_covered": 100.0, "percent_statements_covered_display": "100"}, "missing_lines": [], "excluded_lines": []}, "": {"executed_lines": [24, 104, 105, 106, 112, 113, 116, 117, 118, 119, 121, 122, 123, 124, 127, 128, 129, 131, 132, 133, 134, 137, 199, 215], "summary": {"covered_lines": 23, "num_statements": 24, "percent_covered": 95.83333333333333, "percent_covered_display": "96", "missing_lines": 1, "excluded_lines": 0, "percent_statements_covered": 95.83333333333333, "percent_statements_covered_display": "96"}, "missing_lines": [216], "excluded_lines": []}}, "classes": {"": {"executed_lines": [24, 104, 105, 106, 112, 113, 116, 117, 118, 119, 121, 122, 123, 124, 127, 128, 129, 131, 132, 133, 134, 137, 142, 164, 168, 174, 177, 179, 180, 181, 182, 184, 185, 186, 187, 188, 189, 190, 191, 192, 193, 195, 196, 199, 206, 207, 209, 210, 211, 212, 215], "summary": {"covered_lines": 50, "num_statements": 51, "percent_covered": 98.03921568627452, "percent_covered_display": "98", "missing_lines": 1, "excluded_lines": 0, "percent_statements_covered": 98.03921568627452, "percent_statements_covered_display": "98"}, "missing_lines": [216], "excluded_lines": []}}}, "src/__init__.py": {"executed_lines": [23, 31, 40], "summary": {"covered_lines": 2, "num_statements": 2, "percent_covered": 100.0, "percent_covered_display": "100", "missing_lines": 0, "excluded_lines": 0, "percent_statements_covered": 100.0, "percent_statements_covered_display": "100"}, "missing_lines": [], "excluded_lines": [], "functions": {"": {"executed_lines": [23, 31, 40], "summary": {"covered_lines": 2, "num_statements": 2, "percent_covered": 100.0, "percent_covered_display": "100", "missing_lines": 0, "excluded_lines": 0, "percent_statements_covered": 100.0, "percent_statements_covered_display": "100"}, "missing_lines": [], "excluded_lines": []}}, "classes": {"": {"executed_lines": [23, 31, 40], "summary": {"covered_lines": 2, "num_statements": 2, "percent_covered": 100.0, "percent_covered_display": "100", "missing_lines": 0, "excluded_lines": 0, "percent_statements_covered": 100.0, "percent_statements_covered_display": "100"}, "missing_lines": [], "excluded_lines": []}}}, "src/chat/__init__.py": {"executed_lines": [], "summary": {"covered_lines": 0, "num_statements": 1, "percent_covered": 0.0, "percent_covered_display": "0", "missing_lines": 1, "excluded_lines": 0, "percent_statements_covered": 0.0, "percent_statements_covered_display": "0"}, "missing_lines": [35], "excluded_lines": [], "functions": {"": {"executed_lines": [], "summary": {"covered_lines": 0, "num_statements": 1, "percent_covered": 0.0, "percent_covered_display": "0", "missing_lines": 1, "excluded_lines": 0, "percent_statements_covered": 0.0, "percent_statements_covered_display": "0"}, "missing_lines": [35], "excluded_lines": []}}, "classes": {"": {"executed_lines": [], "summary": {"covered_lines": 0, "num_statements": 1, "percent_covered": 0.0, "percent_covered_display": "0", "missing_lines": 1, "excluded_lines": 0, "percent_statements_covered": 0.0, "percent_statements_covered_display": "0"}, "missing_lines": [35], "excluded_lines": []}}}, "src/commands/__init__.py": {"executed_lines": [23, 32, 34, 36], "summary": {"covered_lines": 3, "num_statements": 3, "percent_covered": 100.0, "percent_covered_display": "100", "missing_lines": 0, "excluded_lines": 0, "percent_statements_covered": 100.0, "percent_statements_covered_display": "100"}, "missing_lines": [], "excluded_lines": [], "functions": {"": {"executed_lines": [23, 32, 34, 36], "summary": {"covered_lines": 3, "num_statements": 3, "percent_covered": 100.0, "percent_covered_display": "100", "missing_lines": 0, "excluded_lines": 0, "percent_statements_covered": 100.0, "percent_statements_covered_display": "100"}, "missing_lines": [], "excluded_lines": []}}, "classes": {"": {"executed_lines": [23, 32, 34, 36], "summary": {"covered_lines": 3, "num_statements": 3, "percent_covered": 100.0, "percent_covered_display": "100", "missing_lines": 0, "excluded_lines": 0, "percent_statements_covered": 100.0, "percent_statements_covered_display": "100"}, "missing_lines": [], "excluded_lines": []}}}, "src/commands/handlers/__init__.py": {"executed_lines": [23, 34, 35, 36, 37, 38, 39, 40, 41, 43], "summary": {"covered_lines": 9, "num_statements": 9, "percent_covered": 100.0, "percent_covered_display": "100", "missing_lines": 0, "excluded_lines": 0, "percent_statements_covered": 100.0, "percent_statements_covered_display": "100"}, "missing_lines": [], "excluded_lines": [], "functions": {"": {"executed_lines": [23, 34, 35, 36, 37, 38, 39, 40, 41, 43], "summary": {"covered_lines": 9, "num_statements": 9, "percent_covered": 100.0, "percent_covered_display": "100", "missing_lines": 0, "excluded_lines": 0, "percent_statements_covered": 100.0, "percent_statements_covered_display": "100"}, "missing_lines": [], "excluded_lines": []}}, "classes": {"": {"executed_lines": [23, 34, 35, 36, 37, 38, 39, 40, 41, 43], "summary": {"covered_lines": 9, "num_statements": 9, "percent_covered": 100.0, "percent_covered_display": "100", "missing_lines": 0, "excluded_lines": 0, "percent_statements_covered": 100.0, "percent_statements_covered_display": "100"}, "missing_lines": [], "excluded_lines": []}}}, "src/commands/handlers/config_commands.py": {"executed_lines": [24, 31, 32, 33, 40, 41, 43, 45, 46, 47, 48, 49, 50, 51, 52, 54, 55, 56, 57, 59, 60, 63, 64, 66, 68, 69, 70, 71, 72, 73, 74, 75, 77, 78, 79, 80, 82, 83, 86], "summary": {"covered_lines": 38, "num_statements": 38, "percent_covered": 100.0, "percent_covered_display": "100", "missing_lines": 0, "excluded_lines": 0, "percent_statements_covered": 100.0, "percent_statements_covered_display": "100"}, "missing_lines": [], "excluded_lines": [], "functions": {"handle_context": {"executed_lines": [43, 45, 46, 47, 48, 49, 50, 51, 52, 54, 55, 56, 57, 59, 60], "summary": {"covered_lines": 15, "num_statements": 15, "percent_covered": 100.0, "percent_covered_display": "100", "missing_lines": 0, "excluded_lines": 0, "percent_statements_covered": 100.0, "percent_statements_covered_display": "100"}, "missing_lines": [], "excluded_lines": []}, "handle_learning": {"executed_lines": [66, 68, 69, 70, 71, 72, 73, 74, 75, 77, 78, 79, 80, 82, 83], "summary": {"covered_lines": 15, "num_statements": 15, "percent_covered": 100.0, "percent_covered_display": "100", "missing_lines": 0, "excluded_lines": 0, "percent_statements_covered": 100.0, "percent_statements_covered_display": "100"}, "missing_lines": [], "excluded_lines": []}, "": {"executed_lines": [24, 31, 32, 33, 40, 41, 63, 64, 86], "summary": {"covered_lines": 8, "num_statements": 8, "percent_covered": 100.0, "percent_covered_display": "100", "missing_lines": 0, "excluded_lines": 0, "percent_statements_covered": 100.0, "percent_statements_covered_display": "100"}, "missing_lines": [], "excluded_lines": []}}, "classes": {"": {"executed_lines": [24, 31, 32, 33, 40, 41, 43, 45, 46, 47, 48, 49, 50, 51, 52, 54, 55, 56, 57, 59, 60, 63, 64, 66, 68, 69, 70, 71, 72, 73, 74, 75, 77, 78, 79, 80, 82, 83, 86], "summary": {"covered_lines": 38, "num_statements": 38, "percent_covered": 100.0, "percent_covered_display": "100", "missing_lines": 0, "excluded_lines": 0, "percent_statements_covered": 100.0, "percent_statements_covered_display": "100"}, "missing_lines": [], "excluded_lines": []}}}, "src/commands/handlers/database_commands.py": {"executed_lines": [24, 31, 32, 33, 35, 36, 37, 38, 40, 42, 49, 50, 52, 58, 59, 61, 66, 67, 69, 70, 73, 77, 78, 79, 81, 82, 83, 84, 85, 86, 88, 93, 98, 103, 105, 106, 107, 112, 113, 114, 116, 117, 119, 120, 121, 126, 195, 208, 316], "summary": {"covered_lines": 48, "num_statements": 141, "percent_covered": 34.04255319148936, "percent_covered_display": "34", "missing_lines": 93, "excluded_lines": 0, "percent_statements_covered": 34.04255319148936, "percent_statements_covered_display": "34"}, "missing_lines": [62, 63, 89, 90, 91, 127, 130, 131, 132, 134, 135, 136, 137, 138, 139, 140, 141, 143, 144, 145, 147, 148, 149, 150, 154, 155, 159, 160, 161, 166, 167, 168, 169, 172, 173, 177, 178, 179, 180, 186, 187, 189, 190, 191, 192, 197, 198, 200, 201, 205, 206, 210, 211, 214, 219, 221, 222, 223, 228, 229, 230, 232, 233, 234, 237, 238, 239, 243, 244, 245, 248, 249, 250, 253, 256, 279, 280, 281, 282, 283, 285, 290, 295, 296, 298, 302, 303, 304, 305, 308, 310, 312, 313], "excluded_lines": [], "functions": {"handle_vectordb": {"executed_lines": [52, 58, 59, 61, 66, 67, 69, 70, 73, 77, 78, 79, 81, 82, 83, 84, 85, 86, 88, 93, 98, 103, 105, 106, 107, 112, 113, 114, 116, 117, 119, 120, 121, 126, 195, 208], "summary": {"covered_lines": 36, "num_statements": 129, "percent_covered": 27.906976744186046, "percent_covered_display": "28", "missing_lines": 93, "excluded_lines": 0, "percent_statements_covered": 27.906976744186046, "percent_statements_covered_display": "28"}, "missing_lines": [62, 63, 89, 90, 91, 127, 130, 131, 132, 134, 135, 136, 137, 138, 139, 140, 141, 143, 144, 145, 147, 148, 149, 150, 154, 155, 159, 160, 161, 166, 167, 168, 169, 172, 173, 177, 178, 179, 180, 186, 187, 189, 190, 191, 192, 197, 198, 200, 201, 205, 206, 210, 211, 214, 219, 221, 222, 223, 228, 229, 230, 232, 233, 234, 237, 238, 239, 243, 244, 245, 248, 249, 250, 253, 256, 279, 280, 281, 282, 283, 285, 290, 295, 296, 298, 302, 303, 304, 305, 308, 310, 312, 313], "excluded_lines": []}, "": {"executed_lines": [24, 31, 32, 33, 35, 36, 37, 38, 40, 42, 49, 50, 316], "summary": {"covered_lines": 12, "num_statements": 12, "percent_covered": 100.0, "percent_covered_display": "100", "missing_lines": 0, "excluded_lines": 0, "percent_statements_covered": 100.0, "percent_statements_covered_display": "100"}, "missing_lines": [], "excluded_lines": []}}, "classes": {"": {"executed_lines": [24, 31, 32, 33, 35, 36, 37, 38, 40, 42, 49, 50, 52, 58, 59, 61, 66, 67, 69, 70, 73, 77, 78, 79, 81, 82, 83, 84, 85, 86, 88, 93, 98, 103, 105, 106, 107, 112, 113, 114, 116, 117, 119, 120, 121, 126, 195, 208, 316], "summary": {"covered_lines": 48, "num_statements": 141, "percent_covered": 34.04255319148936, "percent_covered_display": "34", "missing_lines": 93, "excluded_lines": 0, "percent_statements_covered": 34.04255319148936, "percent_statements_covered_display": "34"}, "missing_lines": [62, 63, 89, 90, 91, 127, 130, 131, 132, 134, 135, 136, 137, 138, 139, 140, 141, 143, 144, 145, 147, 148, 149, 150, 154, 155, 159, 160, 161, 166, 167, 168, 169, 172, 173, 177, 178, 179, 180, 186, 187, 189, 190, 191, 192, 197, 198, 200, 201, 205, 206, 210, 211, 214, 219, 221, 222, 223, 228, 229, 230, 232, 233, 234, 237, 238, 239, 243, 244, 245, 248, 249, 250, 253, 256, 279, 280, 281, 282, 283, 285, 290, 295, 296, 298, 302, 303, 304, 305, 308, 310, 312, 313], "excluded_lines": []}}}, "src/commands/handlers/export_commands.py": {"executed_lines": [24, 31, 32, 33, 34, 35, 42, 43, 45, 47, 48, 49, 52, 54, 60, 61, 63, 64, 66, 72, 73, 74, 87, 88, 104, 105, 106, 112], "summary": {"covered_lines": 27, "num_statements": 43, "percent_covered": 62.7906976744186, "percent_covered_display": "63", "missing_lines": 16, "excluded_lines": 0, "percent_statements_covered": 62.7906976744186, "percent_statements_covered_display": "63"}, "missing_lines": [55, 56, 57, 90, 92, 93, 94, 95, 96, 98, 99, 100, 101, 102, 108, 109], "excluded_lines": [], "functions": {"handle_export": {"executed_lines": [45, 47, 48, 49, 52, 54, 60, 61, 63, 64, 66, 72, 73, 74, 87, 88, 104, 105, 106], "summary": {"covered_lines": 19, "num_statements": 35, "percent_covered": 54.285714285714285, "percent_covered_display": "54", "missing_lines": 16, "excluded_lines": 0, "percent_statements_covered": 54.285714285714285, "percent_statements_covered_display": "54"}, "missing_lines": [55, 56, 57, 90, 92, 93, 94, 95, 96, 98, 99, 100, 101, 102, 108, 109], "excluded_lines": []}, "": {"executed_lines": [24, 31, 32, 33, 34, 35, 42, 43, 112], "summary": {"covered_lines": 8, "num_statements": 8, "percent_covered": 100.0, "percent_covered_display": "100", "missing_lines": 0, "excluded_lines": 0, "percent_statements_covered": 100.0, "percent_statements_covered_display": "100"}, "missing_lines": [], "excluded_lines": []}}, "classes": {"": {"executed_lines": [24, 31, 32, 33, 34, 35, 42, 43, 45, 47, 48, 49, 52, 54, 60, 61, 63, 64, 66, 72, 73, 74, 87, 88, 104, 105, 106, 112], "summary": {"covered_lines": 27, "num_statements": 43, "percent_covered": 62.7906976744186, "percent_covered_display": "63", "missing_lines": 16, "excluded_lines": 0, "percent_statements_covered": 62.7906976744186, "percent_statements_covered_display": "63"}, "missing_lines": [55, 56, 57, 90, 92, 93, 94, 95, 96, 98, 99, 100, 101, 102, 108, 109], "excluded_lines": []}}}, "src/commands/handlers/file_commands.py": {"executed_lines": [24, 31, 32, 33, 40, 41, 43, 45, 50, 52, 53, 55, 60, 64, 69, 70, 75, 76, 78, 79, 80, 81, 82, 83, 92, 93, 95, 97, 103, 104, 109, 111, 113, 114, 116, 122, 123, 126, 127, 129, 130, 136, 137, 195, 196, 205], "summary": {"covered_lines": 45, "num_statements": 115, "percent_covered": 39.130434782608695, "percent_covered_display": "39", "missing_lines": 70, "excluded_lines": 0, "percent_statements_covered": 39.130434782608695, "percent_statements_covered_display": "39"}, "missing_lines": [46, 47, 48, 56, 57, 58, 61, 62, 65, 66, 71, 72, 73, 85, 86, 87, 88, 89, 98, 99, 100, 105, 106, 107, 117, 118, 119, 124, 132, 133, 139, 141, 142, 143, 146, 147, 149, 150, 153, 154, 156, 157, 158, 160, 161, 162, 164, 166, 167, 169, 170, 171, 174, 175, 177, 178, 179, 180, 182, 185, 186, 188, 189, 191, 192, 198, 199, 200, 201, 202], "excluded_lines": [], "functions": {"handle_read": {"executed_lines": [43, 45, 50, 52, 53, 55, 60, 64, 69, 70, 75, 76, 78, 79, 80, 81, 82, 83], "summary": {"covered_lines": 18, "num_statements": 36, "percent_covered": 50.0, "percent_covered_display": "50", "missing_lines": 18, "excluded_lines": 0, "percent_statements_covered": 50.0, "percent_statements_covered_display": "50"}, "missing_lines": [46, 47, 48, 56, 57, 58, 61, 62, 65, 66, 71, 72, 73, 85, 86, 87, 88, 89], "excluded_lines": []}, "handle_write": {"executed_lines": [95, 97, 103, 104, 109, 111, 113, 114, 116, 122, 123, 126, 127, 129, 130], "summary": {"covered_lines": 15, "num_statements": 27, "percent_covered": 55.55555555555556, "percent_covered_display": "56", "missing_lines": 12, "excluded_lines": 0, "percent_statements_covered": 55.55555555555556, "percent_statements_covered_display": "56"}, "missing_lines": [98, 99, 100, 105, 106, 107, 117, 118, 119, 124, 132, 133], "excluded_lines": []}, "handle_list": {"executed_lines": [], "summary": {"covered_lines": 0, "num_statements": 35, "percent_covered": 0.0, "percent_covered_display": "0", "missing_lines": 35, "excluded_lines": 0, "percent_statements_covered": 0.0, "percent_statements_covered_display": "0"}, "missing_lines": [139, 141, 142, 143, 146, 147, 149, 150, 153, 154, 156, 157, 158, 160, 161, 162, 164, 166, 167, 169, 170, 171, 174, 175, 177, 178, 179, 180, 182, 185, 186, 188, 189, 191, 192], "excluded_lines": []}, "handle_pwd": {"executed_lines": [], "summary": {"covered_lines": 0, "num_statements": 5, "percent_covered": 0.0, "percent_covered_display": "0", "missing_lines": 5, "excluded_lines": 0, "percent_statements_covered": 0.0, "percent_statements_covered_display": "0"}, "missing_lines": [198, 199, 200, 201, 202], "excluded_lines": []}, "": {"executed_lines": [24, 31, 32, 33, 40, 41, 92, 93, 136, 137, 195, 196, 205], "summary": {"covered_lines": 12, "num_statements": 12, "percent_covered": 100.0, "percent_covered_display": "100", "missing_lines": 0, "excluded_lines": 0, "percent_statements_covered": 100.0, "percent_statements_covered_display": "100"}, "missing_lines": [], "excluded_lines": []}}, "classes": {"": {"executed_lines": [24, 31, 32, 33, 40, 41, 43, 45, 50, 52, 53, 55, 60, 64, 69, 70, 75, 76, 78, 79, 80, 81, 82, 83, 92, 93, 95, 97, 103, 104, 109, 111, 113, 114, 116, 122, 123, 126, 127, 129, 130, 136, 137, 195, 196, 205], "summary": {"covered_lines": 45, "num_statements": 115, "percent_covered": 39.130434782608695, "percent_covered_display": "39", "missing_lines": 70, "excluded_lines": 0, "percent_statements_covered": 39.130434782608695, "percent_statements_covered_display": "39"}, "missing_lines": [46, 47, 48, 56, 57, 58, 61, 62, 65, 66, 71, 72, 73, 85, 86, 87, 88, 89, 98, 99, 100, 105, 106, 107, 117, 118, 119, 124, 132, 133, 139, 141, 142, 143, 146, 147, 149, 150, 153, 154, 156, 157, 158, 160, 161, 162, 164, 166, 167, 169, 170, 171, 174, 175, 177, 178, 179, 180, 182, 185, 186, 188, 189, 191, 192, 198, 199, 200, 201, 202], "excluded_lines": []}}}, "src/commands/handlers/help_commands.py": {"executed_lines": [24, 31, 32, 33, 40, 41, 43, 44, 45, 46, 47, 48, 49, 50, 51, 52, 53, 54, 55, 56, 57, 58, 59, 60, 61, 62, 63, 64, 65, 66, 67, 68, 69, 72, 73, 75, 77, 78, 81, 82, 83, 84, 85, 88], "summary": {"covered_lines": 43, "num_statements": 43, "percent_covered": 100.0, "percent_covered_display": "100", "missing_lines": 0, "excluded_lines": 0, "percent_statements_covered": 100.0, "percent_statements_covered_display": "100"}, "missing_lines": [], "excluded_lines": [], "functions": {"handle_help": {"executed_lines": [43, 44, 45, 46, 47, 48, 49, 50, 51, 52, 53, 54, 55, 56, 57, 58, 59, 60, 61, 62, 63, 64, 65, 66, 67, 68, 69], "summary": {"covered_lines": 27, "num_statements": 27, "percent_covered": 100.0, "percent_covered_display": "100", "missing_lines": 0, "excluded_lines": 0, "percent_statements_covered": 100.0, "percent_statements_covered_display": "100"}, "missing_lines": [], "excluded_lines": []}, "handle_model_info": {"executed_lines": [75, 77, 78, 81, 82, 83, 84, 85], "summary": {"covered_lines": 8, "num_statements": 8, "percent_covered": 100.0, "percent_covered_display": "100", "missing_lines": 0, "excluded_lines": 0, "percent_statements_covered": 100.0, "percent_statements_covered_display": "100"}, "missing_lines": [], "excluded_lines": []}, "": {"executed_lines": [24, 31, 32, 33, 40, 41, 72, 73, 88], "summary": {"covered_lines": 8, "num_statements": 8, "percent_covered": 100.0, "percent_covered_display": "100", "missing_lines": 0, "excluded_lines": 0, "percent_statements_covered": 100.0, "percent_statements_covered_display": "100"}, "missing_lines": [], "excluded_lines": []}}, "classes": {"": {"executed_lines": [24, 31, 32, 33, 40, 41, 43, 44, 45, 46, 47, 48, 49, 50, 51, 52, 53, 54, 55, 56, 57, 58, 59, 60, 61, 62, 63, 64, 65, 66, 67, 68, 69, 72, 73, 75, 77, 78, 81, 82, 83, 84, 85, 88], "summary": {"covered_lines": 43, "num_statements": 43, "percent_covered": 100.0, "percent_covered_display": "100", "missing_lines": 0, "excluded_lines": 0, "percent_statements_covered": 100.0, "percent_statements_covered_display": "100"}, "missing_lines": [], "excluded_lines": []}}}, "src/commands/handlers/learning_commands.py": {"executed_lines": [24, 31, 32, 33, 34, 41, 42, 44, 47, 48, 51, 54, 56, 57, 58, 61, 63, 64, 66, 69, 70, 78, 80, 81, 84, 85, 93, 95, 97, 98, 99, 101, 102, 104, 105, 106, 107, 110], "summary": {"covered_lines": 37, "num_statements": 37, "percent_covered": 100.0, "percent_covered_display": "100", "missing_lines": 0, "excluded_lines": 0, "percent_statements_covered": 100.0, "percent_statements_covered_display": "100"}, "missing_lines": [], "excluded_lines": [], "functions": {"handle_learn": {"executed_lines": [44, 47, 48, 51, 54, 56, 57, 58, 61, 63, 64, 66], "summary": {"covered_lines": 12, "num_statements": 12, "percent_covered": 100.0, "percent_covered_display": "100", "missing_lines": 0, "excluded_lines": 0, "percent_statements_covered": 100.0, "percent_statements_covered_display": "100"}, "missing_lines": [], "excluded_lines": []}, "handle_populate": {"executed_lines": [78, 80, 81], "summary": {"covered_lines": 3, "num_statements": 3, "percent_covered": 100.0, "percent_covered_display": "100", "missing_lines": 0, "excluded_lines": 0, "percent_statements_covered": 100.0, "percent_statements_covered_display": "100"}, "missing_lines": [], "excluded_lines": []}, "handle_web": {"executed_lines": [93, 95, 97, 98, 99, 101, 102, 104, 105, 106, 107], "summary": {"covered_lines": 11, "num_statements": 11, "percent_covered": 100.0, "percent_covered_display": "100", "missing_lines": 0, "excluded_lines": 0, "percent_statements_covered": 100.0, "percent_statements_covered_display": "100"}, "missing_lines": [], "excluded_lines": []}, "": {"executed_lines": [24, 31, 32, 33, 34, 41, 42, 69, 70, 84, 85, 110], "summary": {"covered_lines": 11, "num_statements": 11, "percent_covered": 100.0, "percent_covered_display": "100", "missing_lines": 0, "excluded_lines": 0, "percent_statements_covered": 100.0, "percent_statements_covered_display": "100"}, "missing_lines": [], "excluded_lines": []}}, "classes": {"": {"executed_lines": [24, 31, 32, 33, 34, 41, 42, 44, 47, 48, 51, 54, 56, 57, 58, 61, 63, 64, 66, 69, 70, 78, 80, 81, 84, 85, 93, 95, 97, 98, 99, 101, 102, 104, 105, 106, 107, 110], "summary": {"covered_lines": 37, "num_statements": 37, "percent_covered": 100.0, "percent_covered_display": "100", "missing_lines": 0, "excluded_lines": 0, "percent_statements_covered": 100.0, "percent_statements_covered_display": "100"}, "missing_lines": [], "excluded_lines": []}}}, "src/commands/handlers/legacy_commands.py": {"executed_lines": [24, 31, 32, 33, 34, 35, 38, 39, 40, 41, 42, 43, 44, 47, 54, 61, 62, 64, 65, 66, 69, 71, 72, 73, 75, 76, 78, 79, 80, 81, 82, 83, 86, 87, 88, 90, 93, 100, 101, 102, 103, 105, 106, 107, 108, 110, 111, 112, 115, 117, 118, 119, 121, 127, 134, 136, 138, 139, 140, 142, 143, 145, 146, 147, 150, 153, 154, 157, 158, 161, 162, 163, 164, 165, 166, 169, 170, 171, 172, 173, 174, 176, 182, 184, 185, 186, 191, 193, 195, 196, 197, 199, 200, 201, 202, 203, 204, 205, 208, 210, 212, 215, 217, 220, 221, 222, 224, 225, 228, 235, 236, 237, 239, 240, 242, 243, 244, 246, 248, 250, 251, 252, 261, 263, 264, 266, 267, 268, 270, 271, 274, 276, 277, 278, 279, 306, 308, 309, 311, 312, 313, 315, 316, 319, 321, 324, 325, 326, 327, 348, 355, 356, 358, 359, 360, 362, 363, 364, 366, 368, 370, 371, 372, 374, 377, 378, 380, 381, 382, 383, 384, 386, 387, 388, 389, 391, 392, 393, 396, 397, 399, 400, 401, 402, 405, 407, 409, 411, 412, 414, 416, 418, 419, 420, 429, 430, 431, 433, 434, 435, 436, 437, 443, 445, 446, 448, 449, 450, 451, 452, 454, 455, 459, 462, 469, 471, 472, 473, 474, 475, 477, 478, 480, 481, 482, 483, 486, 487, 488, 491, 498, 500, 501, 502, 503, 504, 506, 507, 509, 510, 511, 512, 515, 516, 517, 520, 527, 528, 529, 530, 532, 533, 537, 538, 540, 541, 543, 544, 546, 547, 549, 550, 551, 552, 554, 556, 557, 562, 563, 565, 566, 571, 573, 574, 575, 576, 580, 581, 585, 586, 587, 589, 590, 591, 594, 596, 597, 599, 602, 608, 615, 617, 618, 619, 621, 622, 623, 624, 625, 627, 629, 630, 633, 634, 635, 637, 639, 640, 641, 646, 648, 649, 651, 653, 654, 655, 656, 658, 660, 661, 662, 663, 665, 666, 667, 668, 669, 670, 672, 673, 674, 676, 677, 680], "summary": {"covered_lines": 333, "num_statements": 393, "percent_covered": 84.73282442748092, "percent_covered_display": "85", "missing_lines": 60, "excluded_lines": 0, "percent_statements_covered": 84.73282442748092, "percent_statements_covered_display": "85"}, "missing_lines": [123, 124, 178, 179, 187, 188, 254, 255, 257, 258, 282, 284, 285, 286, 287, 290, 291, 292, 294, 295, 296, 298, 299, 300, 302, 303, 322, 329, 330, 331, 333, 334, 335, 336, 337, 338, 339, 341, 342, 344, 345, 403, 421, 423, 425, 427, 439, 440, 457, 534, 535, 558, 559, 567, 568, 578, 582, 583, 604, 605], "excluded_lines": [], "functions": {"handle_read_command": {"executed_lines": [61, 62, 64, 65, 66, 69, 71, 72, 73, 75, 76, 78, 79, 80, 81, 82, 83, 86, 87, 88, 90], "summary": {"covered_lines": 21, "num_statements": 21, "percent_covered": 100.0, "percent_covered_display": "100", "missing_lines": 0, "excluded_lines": 0, "percent_statements_covered": 100.0, "percent_statements_covered_display": "100"}, "missing_lines": [], "excluded_lines": []}, "handle_write_command": {"executed_lines": [100, 101, 102, 103, 105, 106, 107, 108, 110, 111, 112, 115, 117, 118, 119, 121], "summary": {"covered_lines": 16, "num_statements": 18, "percent_covered": 88.88888888888889, "percent_covered_display": "89", "missing_lines": 2, "excluded_lines": 0, "percent_statements_covered": 88.88888888888889, "percent_statements_covered_display": "89"}, "missing_lines": [123, 124], "excluded_lines": []}, "handle_list_command": {"executed_lines": [134, 136, 138, 139, 140, 142, 143, 145, 146, 147, 150, 153, 154, 157, 158, 161, 162, 163, 164, 165, 166, 169, 170, 171, 172, 173, 174, 176], "summary": {"covered_lines": 28, "num_statements": 30, "percent_covered": 93.33333333333333, "percent_covered_display": "93", "missing_lines": 2, "excluded_lines": 0, "percent_statements_covered": 93.33333333333333, "percent_statements_covered_display": "93"}, "missing_lines": [178, 179], "excluded_lines": []}, "handle_pwd_command": {"executed_lines": [184, 185, 186], "summary": {"covered_lines": 3, "num_statements": 5, "percent_covered": 60.0, "percent_covered_display": "60", "missing_lines": 2, "excluded_lines": 0, "percent_statements_covered": 60.0, "percent_statements_covered_display": "60"}, "missing_lines": [187, 188], "excluded_lines": []}, "show_memory": {"executed_lines": [193, 195, 196, 197, 199, 200, 201, 202, 203, 204, 205], "summary": {"covered_lines": 11, "num_statements": 11, "percent_covered": 100.0, "percent_covered_display": "100", "missing_lines": 0, "excluded_lines": 0, "percent_statements_covered": 100.0, "percent_statements_covered_display": "100"}, "missing_lines": [], "excluded_lines": []}, "handle_clear_command": {"executed_lines": [210, 212, 215, 217, 220, 221, 222, 224, 225], "summary": {"covered_lines": 9, "num_statements": 9, "percent_covered": 100.0, "percent_covered_display": "100", "missing_lines": 0, "excluded_lines": 0, "percent_statements_covered": 100.0, "percent_statements_covered_display": "100"}, "missing_lines": [], "excluded_lines": []}, "handle_learn_command": {"executed_lines": [235, 236, 237, 239, 240, 242, 243, 244, 246, 248, 250, 251, 252], "summary": {"covered_lines": 13, "num_statements": 17, "percent_covered": 76.47058823529412, "percent_covered_display": "76", "missing_lines": 4, "excluded_lines": 0, "percent_statements_covered": 76.47058823529412, "percent_statements_covered_display": "76"}, "missing_lines": [254, 255, 257, 258], "excluded_lines": []}, "show_vectordb": {"executed_lines": [263, 264, 266, 267, 268, 270, 271, 274, 276, 277, 278, 279], "summary": {"covered_lines": 12, "num_statements": 28, "percent_covered": 42.857142857142854, "percent_covered_display": "43", "missing_lines": 16, "excluded_lines": 0, "percent_statements_covered": 42.857142857142854, "percent_statements_covered_display": "43"}, "missing_lines": [282, 284, 285, 286, 287, 290, 291, 292, 294, 295, 296, 298, 299, 300, 302, 303], "excluded_lines": []}, "show_mem0": {"executed_lines": [308, 309, 311, 312, 313, 315, 316, 319, 321, 324, 325, 326, 327], "summary": {"covered_lines": 13, "num_statements": 28, "percent_covered": 46.42857142857143, "percent_covered_display": "46", "missing_lines": 15, "excluded_lines": 0, "percent_statements_covered": 46.42857142857143, "percent_statements_covered_display": "46"}, "missing_lines": [322, 329, 330, 331, 333, 334, 335, 336, 337, 338, 339, 341, 342, 344, 345], "excluded_lines": []}, "handle_populate_command": {"executed_lines": [355, 356, 358, 359, 360, 362, 363, 364, 366, 368, 370, 371, 372, 374, 377, 378, 380, 381, 382, 383, 384, 386, 387, 388, 389, 391, 392, 393, 396, 397, 399, 400, 401, 402, 405, 407, 409, 411, 412, 414, 416, 418, 419, 420, 429, 430, 431, 433, 434, 435, 436, 437], "summary": {"covered_lines": 52, "num_statements": 59, "percent_covered": 88.13559322033899, "percent_covered_display": "88", "missing_lines": 7, "excluded_lines": 0, "percent_statements_covered": 88.13559322033899, "percent_statements_covered_display": "88"}, "missing_lines": [403, 421, 423, 425, 427, 439, 440], "excluded_lines": []}, "show_model_info": {"executed_lines": [445, 446, 448, 449, 450, 451, 452, 454, 455, 459], "summary": {"covered_lines": 10, "num_statements": 11, "percent_covered": 90.9090909090909, "percent_covered_display": "91", "missing_lines": 1, "excluded_lines": 0, "percent_statements_covered": 90.9090909090909, "percent_statements_covered_display": "91"}, "missing_lines": [457], "excluded_lines": []}, "handle_context_command": {"executed_lines": [469, 471, 472, 473, 474, 475, 477, 478, 480, 481, 482, 483, 486, 487, 488], "summary": {"covered_lines": 15, "num_statements": 15, "percent_covered": 100.0, "percent_covered_display": "100", "missing_lines": 0, "excluded_lines": 0, "percent_statements_covered": 100.0, "percent_statements_covered_display": "100"}, "missing_lines": [], "excluded_lines": []}, "handle_learning_command": {"executed_lines": [498, 500, 501, 502, 503, 504, 506, 507, 509, 510, 511, 512, 515, 516, 517], "summary": {"covered_lines": 15, "num_statements": 15, "percent_covered": 100.0, "percent_covered_display": "100", "missing_lines": 0, "excluded_lines": 0, "percent_statements_covered": 100.0, "percent_statements_covered_display": "100"}, "missing_lines": [], "excluded_lines": []}, "handle_space_command": {"executed_lines": [527, 528, 529, 530, 532, 533, 537, 538, 540, 541, 543, 544, 546, 547, 549, 550, 551, 552, 554, 556, 557, 562, 563, 565, 566, 571, 573, 574, 575, 576, 580, 581, 585, 586, 587, 589, 590, 591, 594, 596, 597, 599, 602], "summary": {"covered_lines": 43, "num_statements": 54, "percent_covered": 79.62962962962963, "percent_covered_display": "80", "missing_lines": 11, "excluded_lines": 0, "percent_statements_covered": 79.62962962962963, "percent_statements_covered_display": "80"}, "missing_lines": [534, 535, 558, 559, 567, 568, 578, 582, 583, 604, 605], "excluded_lines": []}, "handle_export_command": {"executed_lines": [615, 617, 618, 619, 621, 622, 623, 624, 625, 627, 629, 630, 633, 634, 635, 637, 639, 640, 641, 646, 648, 649, 651, 653, 654, 655, 656, 658, 660, 661, 662, 663, 665, 666, 667, 668, 669, 670, 672, 673, 674, 676, 677], "summary": {"covered_lines": 43, "num_statements": 43, "percent_covered": 100.0, "percent_covered_display": "100", "missing_lines": 0, "excluded_lines": 0, "percent_statements_covered": 100.0, "percent_statements_covered_display": "100"}, "missing_lines": [], "excluded_lines": []}, "": {"executed_lines": [24, 31, 32, 33, 34, 35, 38, 39, 40, 41, 42, 43, 44, 47, 54, 93, 127, 182, 191, 208, 228, 261, 306, 348, 443, 462, 491, 520, 608, 680], "summary": {"covered_lines": 29, "num_statements": 29, "percent_covered": 100.0, "percent_covered_display": "100", "missing_lines": 0, "excluded_lines": 0, "percent_statements_covered": 100.0, "percent_statements_covered_display": "100"}, "missing_lines": [], "excluded_lines": []}}, "classes": {"": {"executed_lines": [24, 31, 32, 33, 34, 35, 38, 39, 40, 41, 42, 43, 44, 47, 54, 61, 62, 64, 65, 66, 69, 71, 72, 73, 75, 76, 78, 79, 80, 81, 82, 83, 86, 87, 88, 90, 93, 100, 101, 102, 103, 105, 106, 107, 108, 110, 111, 112, 115, 117, 118, 119, 121, 127, 134, 136, 138, 139, 140, 142, 143, 145, 146, 147, 150, 153, 154, 157, 158, 161, 162, 163, 164, 165, 166, 169, 170, 171, 172, 173, 174, 176, 182, 184, 185, 186, 191, 193, 195, 196, 197, 199, 200, 201, 202, 203, 204, 205, 208, 210, 212, 215, 217, 220, 221, 222, 224, 225, 228, 235, 236, 237, 239, 240, 242, 243, 244, 246, 248, 250, 251, 252, 261, 263, 264, 266, 267, 268, 270, 271, 274, 276, 277, 278, 279, 306, 308, 309, 311, 312, 313, 315, 316, 319, 321, 324, 325, 326, 327, 348, 355, 356, 358, 359, 360, 362, 363, 364, 366, 368, 370, 371, 372, 374, 377, 378, 380, 381, 382, 383, 384, 386, 387, 388, 389, 391, 392, 393, 396, 397, 399, 400, 401, 402, 405, 407, 409, 411, 412, 414, 416, 418, 419, 420, 429, 430, 431, 433, 434, 435, 436, 437, 443, 445, 446, 448, 449, 450, 451, 452, 454, 455, 459, 462, 469, 471, 472, 473, 474, 475, 477, 478, 480, 481, 482, 483, 486, 487, 488, 491, 498, 500, 501, 502, 503, 504, 506, 507, 509, 510, 511, 512, 515, 516, 517, 520, 527, 528, 529, 530, 532, 533, 537, 538, 540, 541, 543, 544, 546, 547, 549, 550, 551, 552, 554, 556, 557, 562, 563, 565, 566, 571, 573, 574, 575, 576, 580, 581, 585, 586, 587, 589, 590, 591, 594, 596, 597, 599, 602, 608, 615, 617, 618, 619, 621, 622, 623, 624, 625, 627, 629, 630, 633, 634, 635, 637, 639, 640, 641, 646, 648, 649, 651, 653, 654, 655, 656, 658, 660, 661, 662, 663, 665, 666, 667, 668, 669, 670, 672, 673, 674, 676, 677, 680], "summary": {"covered_lines": 333, "num_statements": 393, "percent_covered": 84.73282442748092, "percent_covered_display": "85", "missing_lines": 60, "excluded_lines": 0, "percent_statements_covered": 84.73282442748092, "percent_statements_covered_display": "85"}, "missing_lines": [123, 124, 178, 179, 187, 188, 254, 255, 257, 258, 282, 284, 285, 286, 287, 290, 291, 292, 294, 295, 296, 298, 299, 300, 302, 303, 322, 329, 330, 331, 333, 334, 335, 336, 337, 338, 339, 341, 342, 344, 345, 403, 421, 423, 425, 427, 439, 440, 457, 534, 535, 558, 559, 567, 568, 578, 582, 583, 604, 605], "excluded_lines": []}}}, "src/commands/handlers/memory_commands.py": {"executed_lines": [24, 31, 32, 34, 35, 36, 37, 44, 45, 47, 49, 50, 51, 53, 56, 57, 58, 59, 60, 61, 64, 65, 67, 69, 72, 74, 77, 78, 80, 83, 84, 90, 91, 93, 94, 95, 97, 98, 101, 103, 104, 106, 107, 108, 109, 111, 112, 113, 115, 116, 117, 118, 119, 120, 121, 123, 124, 126, 127, 130], "summary": {"covered_lines": 59, "num_statements": 59, "percent_covered": 100.0, "percent_covered_display": "100", "missing_lines": 0, "excluded_lines": 0, "percent_statements_covered": 100.0, "percent_statements_covered_display": "100"}, "missing_lines": [], "excluded_lines": [], "functions": {"handle_memory": {"executed_lines": [47, 49, 50, 51, 53, 56, 57, 58, 59, 60, 61], "summary": {"covered_lines": 11, "num_statements": 11, "percent_covered": 100.0, "percent_covered_display": "100", "missing_lines": 0, "excluded_lines": 0, "percent_statements_covered": 100.0, "percent_statements_covered_display": "100"}, "missing_lines": [], "excluded_lines": []}, "handle_clear": {"executed_lines": [67, 69, 72, 74, 77, 78, 80], "summary": {"covered_lines": 7, "num_statements": 7, "percent_covered": 100.0, "percent_covered_display": "100", "missing_lines": 0, "excluded_lines": 0, "percent_statements_covered": 100.0, "percent_statements_covered_display": "100"}, "missing_lines": [], "excluded_lines": []}, "handle_mem0": {"executed_lines": [90, 91, 93, 94, 95, 97, 98, 101, 103, 104, 106, 107, 108, 109, 111, 112, 113, 115, 116, 117, 118, 119, 120, 121, 123, 124, 126, 127], "summary": {"covered_lines": 28, "num_statements": 28, "percent_covered": 100.0, "percent_covered_display": "100", "missing_lines": 0, "excluded_lines": 0, "percent_statements_covered": 100.0, "percent_statements_covered_display": "100"}, "missing_lines": [], "excluded_lines": []}, "": {"executed_lines": [24, 31, 32, 34, 35, 36, 37, 44, 45, 64, 65, 83, 84, 130], "summary": {"covered_lines": 13, "num_statements": 13, "percent_covered": 100.0, "percent_covered_display": "100", "missing_lines": 0, "excluded_lines": 0, "percent_statements_covered": 100.0, "percent_statements_covered_display": "100"}, "missing_lines": [], "excluded_lines": []}}, "classes": {"": {"executed_lines": [24, 31, 32, 34, 35, 36, 37, 44, 45, 47, 49, 50, 51, 53, 56, 57, 58, 59, 60, 61, 64, 65, 67, 69, 72, 74, 77, 78, 80, 83, 84, 90, 91, 93, 94, 95, 97, 98, 101, 103, 104, 106, 107, 108, 109, 111, 112, 113, 115, 116, 117, 118, 119, 120, 121, 123, 124, 126, 127, 130], "summary": {"covered_lines": 59, "num_statements": 59, "percent_covered": 100.0, "percent_covered_display": "100", "missing_lines": 0, "excluded_lines": 0, "percent_statements_covered": 100.0, "percent_statements_covered_display": "100"}, "missing_lines": [], "excluded_lines": []}}}, "src/commands/handlers/space_commands.py": {"executed_lines": [24, 31, 32, 33, 34, 41, 42, 44, 46, 48, 50, 51, 52, 53, 54, 55, 56, 57, 58, 60, 61, 62, 63, 64, 65, 66, 68, 72, 73, 74, 78, 82, 83, 84, 88, 105, 106, 107, 111, 115, 120, 123, 127, 128, 137], "summary": {"covered_lines": 44, "num_statements": 74, "percent_covered": 59.45945945945946, "percent_covered_display": "59", "missing_lines": 30, "excluded_lines": 0, "percent_statements_covered": 59.45945945945946, "percent_statements_covered_display": "59"}, "missing_lines": [69, 70, 75, 76, 79, 80, 86, 89, 90, 91, 92, 94, 95, 96, 97, 99, 100, 101, 103, 108, 109, 112, 113, 116, 117, 124, 125, 130, 133, 134], "excluded_lines": [], "functions": {"handle_space": {"executed_lines": [44, 46, 48, 50, 51, 52, 53, 54, 55, 56, 57, 58, 60, 61, 62, 63, 64, 65, 66, 68, 72, 73, 74, 78, 82, 83, 84, 88, 105, 106, 107, 111, 115, 120, 123, 127, 128], "summary": {"covered_lines": 37, "num_statements": 67, "percent_covered": 55.223880597014926, "percent_covered_display": "55", "missing_lines": 30, "excluded_lines": 0, "percent_statements_covered": 55.223880597014926, "percent_statements_covered_display": "55"}, "missing_lines": [69, 70, 75, 76, 79, 80, 86, 89, 90, 91, 92, 94, 95, 96, 97, 99, 100, 101, 103, 108, 109, 112, 113, 116, 117, 124, 125, 130, 133, 134], "excluded_lines": []}, "": {"executed_lines": [24, 31, 32, 33, 34, 41, 42, 137], "summary": {"covered_lines": 7, "num_statements": 7, "percent_covered": 100.0, "percent_covered_display": "100", "missing_lines": 0, "excluded_lines": 0, "percent_statements_covered": 100.0, "percent_statements_covered_display": "100"}, "missing_lines": [], "excluded_lines": []}}, "classes": {"": {"executed_lines": [24, 31, 32, 33, 34, 41, 42, 44, 46, 48, 50, 51, 52, 53, 54, 55, 56, 57, 58, 60, 61, 62, 63, 64, 65, 66, 68, 72, 73, 74, 78, 82, 83, 84, 88, 105, 106, 107, 111, 115, 120, 123, 127, 128, 137], "summary": {"covered_lines": 44, "num_statements": 74, "percent_covered": 59.45945945945946, "percent_covered_display": "59", "missing_lines": 30, "excluded_lines": 0, "percent_statements_covered": 59.45945945945946, "percent_statements_covered_display": "59"}, "missing_lines": [69, 70, 75, 76, 79, 80, 86, 89, 90, 91, 92, 94, 95, 96, 97, 99, 100, 101, 103, 108, 109, 112, 113, 116, 117, 124, 125, 130, 133, 134], "excluded_lines": []}}}, "src/commands/registry.py": {"executed_lines": [23, 30, 31, 33, 36, 37, 52, 53, 54, 56, 57, 81, 82, 83, 86, 87, 88, 91, 92, 93, 95, 96, 98, 99, 110, 111, 112, 114, 115, 116, 117, 118, 119, 120, 122, 123, 130, 132, 133, 140, 142, 143, 145, 147, 148, 150, 151, 152, 155, 172], "summary": {"covered_lines": 48, "num_statements": 48, "percent_covered": 100.0, "percent_covered_display": "100", "missing_lines": 0, "excluded_lines": 2, "percent_statements_covered": 100.0, "percent_statements_covered_display": "100"}, "missing_lines": [], "excluded_lines": [64, 161], "functions": {"CommandRegistry.register": {"executed_lines": [81, 96], "summary": {"covered_lines": 2, "num_statements": 2, "percent_covered": 100.0, "percent_covered_display": "100", "missing_lines": 0, "excluded_lines": 1, "percent_statements_covered": 100.0, "percent_statements_covered_display": "100"}, "missing_lines": [], "excluded_lines": [64]}, "CommandRegistry.register.decorator": {"executed_lines": [82, 83, 86, 87, 88, 91, 92, 93, 95], "summary": {"covered_lines": 9, "num_statements": 9, "percent_covered": 100.0, "percent_covered_display": "100", "missing_lines": 0, "excluded_lines": 0, "percent_statements_covered": 100.0, "percent_statements_covered_display": "100"}, "missing_lines": [], "excluded_lines": []}, "CommandRegistry.dispatch": {"executed_lines": [110, 111, 112, 114, 115, 116, 117, 118, 119, 120], "summary": {"covered_lines": 10, "num_statements": 10, "percent_covered": 100.0, "percent_covered_display": "100", "missing_lines": 0, "excluded_lines": 0, "percent_statements_covered": 100.0, "percent_statements_covered_display": "100"}, "missing_lines": [], "excluded_lines": []}, "CommandRegistry.get_commands": {"executed_lines": [130], "summary": {"covered_lines": 1, "num_statements": 1, "percent_covered": 100.0, "percent_covered_display": "100", "missing_lines": 0, "excluded_lines": 0, "percent_statements_covered": 100.0, "percent_statements_covered_display": "100"}, "missing_lines": [], "excluded_lines": []}, "CommandRegistry.get_categories": {"executed_lines": [140], "summary": {"covered_lines": 1, "num_statements": 1, "percent_covered": 100.0, "percent_covered_display": "100", "missing_lines": 0, "excluded_lines": 0, "percent_statements_covered": 100.0, "percent_statements_covered_display": "100"}, "missing_lines": [], "excluded_lines": []}, "CommandRegistry.has_command": {"executed_lines": [145], "summary": {"covered_lines": 1, "num_statements": 1, "percent_covered": 100.0, "percent_covered_display": "100", "missing_lines": 0, "excluded_lines": 0, "percent_statements_covered": 100.0, "percent_statements_covered_display": "100"}, "missing_lines": [], "excluded_lines": []}, "CommandRegistry.clear": {"executed_lines": [150, 151, 152], "summary": {"covered_lines": 3, "num_statements": 3, "percent_covered": 100.0, "percent_covered_display": "100", "missing_lines": 0, "excluded_lines": 0, "percent_statements_covered": 100.0, "percent_statements_covered_display": "100"}, "missing_lines": [], "excluded_lines": []}, "register_command": {"executed_lines": [172], "summary": {"covered_lines": 1, "num_statements": 1, "percent_covered": 100.0, "percent_covered_display": "100", "missing_lines": 0, "excluded_lines": 1, "percent_statements_covered": 100.0, "percent_statements_covered_display": "100"}, "missing_lines": [], "excluded_lines": [161]}, "": {"executed_lines": [23, 30, 31, 33, 36, 37, 52, 53, 54, 56, 57, 98, 99, 122, 123, 132, 133, 142, 143, 147, 148, 155], "summary": {"covered_lines": 20, "num_statements": 20, "percent_covered": 100.0, "percent_covered_display": "100", "missing_lines": 0, "excluded_lines": 0, "percent_statements_covered": 100.0, "percent_statements_covered_display": "100"}, "missing_lines": [], "excluded_lines": []}}, "classes": {"CommandRegistry": {"executed_lines": [81, 82, 83, 86, 87, 88, 91, 92, 93, 95, 96, 110, 111, 112, 114, 115, 116, 117, 118, 119, 120, 130, 140, 145, 150, 151, 152], "summary": {"covered_lines": 27, "num_statements": 27, "percent_covered": 100.0, "percent_covered_display": "100", "missing_lines": 0, "excluded_lines": 1, "percent_statements_covered": 100.0, "percent_statements_covered_display": "100"}, "missing_lines": [], "excluded_lines": [64]}, "": {"executed_lines": [23, 30, 31, 33, 36, 37, 52, 53, 54, 56, 57, 98, 99, 122, 123, 132, 133, 142, 143, 147, 148, 155, 172], "summary": {"covered_lines": 21, "num_statements": 21, "percent_covered": 100.0, "percent_covered_display": "100", "missing_lines": 0, "excluded_lines": 1, "percent_statements_covered": 100.0, "percent_statements_covered_display": "100"}, "missing_lines": [], "excluded_lines": [161]}}}, "src/core/__init__.py": {"executed_lines": [23, 32, 33, 64, 66], "summary": {"covered_lines": 4, "num_statements": 4, "percent_covered": 100.0, "percent_covered_display": "100", "missing_lines": 0, "excluded_lines": 0, "percent_statements_covered": 100.0, "percent_statements_covered_display": "100"}, "missing_lines": [], "excluded_lines": [], "functions": {"": {"executed_lines": [23, 32, 33, 64, 66], "summary": {"covered_lines": 4, "num_statements": 4, "percent_covered": 100.0, "percent_covered_display": "100", "missing_lines": 0, "excluded_lines": 0, "percent_statements_covered": 100.0, "percent_statements_covered_display": "100"}, "missing_lines": [], "excluded_lines": []}}, "classes": {"": {"executed_lines": [23, 32, 33, 64, 66], "summary": {"covered_lines": 4, "num_statements": 4, "percent_covered": 100.0, "percent_covered_display": "100", "missing_lines": 0, "excluded_lines": 0, "percent_statements_covered": 100.0, "percent_statements_covered_display": "100"}, "missing_lines": [], "excluded_lines": []}}}, "src/core/config.py": {"executed_lines": [24, 38, 39, 40, 41, 42, 45, 48, 50, 54, 57, 59, 61, 64, 66, 67, 68, 71, 72, 79, 82, 84, 85, 86, 87, 90, 92, 95, 97, 100, 102, 105, 106, 107, 142, 143, 144, 147, 148, 149, 152, 153, 156, 157, 158, 159, 162, 163, 164, 165, 168, 169, 171, 172, 179, 209, 210, 213, 227, 228, 229, 230, 233, 236, 237, 238, 243, 250, 251, 253, 254, 257, 258, 261, 262, 265, 266, 269, 270, 273, 274, 277, 278, 281, 282, 285, 286, 289, 290, 293, 294, 297, 298, 301, 302, 305, 306, 309, 310, 313, 314, 319], "summary": {"covered_lines": 99, "num_statements": 118, "percent_covered": 83.89830508474576, "percent_covered_display": "84", "missing_lines": 19, "excluded_lines": 0, "percent_statements_covered": 83.89830508474576, "percent_statements_covered_display": "84"}, "missing_lines": [73, 74, 245, 255, 259, 263, 267, 271, 275, 279, 283, 287, 291, 295, 299, 303, 307, 311, 315], "excluded_lines": [], "functions": {"_setup_logging": {"executed_lines": [50, 54, 57, 59, 61], "summary": {"covered_lines": 5, "num_statements": 5, "percent_covered": 100.0, "percent_covered_display": "100", "missing_lines": 0, "excluded_lines": 0, "percent_statements_covered": 100.0, "percent_statements_covered_display": "100"}, "missing_lines": [], "excluded_lines": []}, "_load_dotenv": {"executed_lines": [66, 67, 68, 71, 72, 79], "summary": {"covered_lines": 6, "num_statements": 8, "percent_covered": 75.0, "percent_covered_display": "75", "missing_lines": 2, "excluded_lines": 0, "percent_statements_covered": 75.0, "percent_statements_covered_display": "75"}, "missing_lines": [73, 74], "excluded_lines": []}, "_require_env": {"executed_lines": [84, 85, 86, 87], "summary": {"covered_lines": 4, "num_statements": 4, "percent_covered": 100.0, "percent_covered_display": "100", "missing_lines": 0, "excluded_lines": 0, "percent_statements_covered": 100.0, "percent_statements_covered_display": "100"}, "missing_lines": [], "excluded_lines": []}, "_require_int": {"executed_lines": [92], "summary": {"covered_lines": 1, "num_statements": 1, "percent_covered": 100.0, "percent_covered_display": "100", "missing_lines": 0, "excluded_lines": 0, "percent_statements_covered": 100.0, "percent_statements_covered_display": "100"}, "missing_lines": [], "excluded_lines": []}, "_require_float": {"executed_lines": [97], "summary": {"covered_lines": 1, "num_statements": 1, "percent_covered": 100.0, "percent_covered_display": "100", "missing_lines": 0, "excluded_lines": 0, "percent_statements_covered": 100.0, "percent_statements_covered_display": "100"}, "missing_lines": [], "excluded_lines": []}, "_get_bool": {"executed_lines": [102], "summary": {"covered_lines": 1, "num_statements": 1, "percent_covered": 100.0, "percent_covered_display": "100", "missing_lines": 0, "excluded_lines": 0, "percent_statements_covered": 100.0, "percent_statements_covered_display": "100"}, "missing_lines": [], "excluded_lines": []}, "Config.from_env": {"executed_lines": [179], "summary": {"covered_lines": 1, "num_statements": 1, "percent_covered": 100.0, "percent_covered_display": "100", "missing_lines": 0, "excluded_lines": 0, "percent_statements_covered": 100.0, "percent_statements_covered_display": "100"}, "missing_lines": [], "excluded_lines": []}, "get_config": {"executed_lines": [227, 228, 229, 230], "summary": {"covered_lines": 4, "num_statements": 4, "percent_covered": 100.0, "percent_covered_display": "100", "missing_lines": 0, "excluded_lines": 0, "percent_statements_covered": 100.0, "percent_statements_covered_display": "100"}, "missing_lines": [], "excluded_lines": []}, "get_logger": {"executed_lines": [236, 237, 238], "summary": {"covered_lines": 3, "num_statements": 3, "percent_covered": 100.0, "percent_covered_display": "100", "missing_lines": 0, "excluded_lines": 0, "percent_statements_covered": 100.0, "percent_statements_covered_display": "100"}, "missing_lines": [], "excluded_lines": []}, "_lazy_config_attr": {"executed_lines": [], "summary": {"covered_lines": 0, "num_statements": 1, "percent_covered": 0.0, "percent_covered_display": "0", "missing_lines": 1, "excluded_lines": 0, "percent_statements_covered": 0.0, "percent_statements_covered_display": "0"}, "missing_lines": [245], "excluded_lines": []}, "_ConfigProxy.LM_STUDIO_BASE_URL": {"executed_lines": [], "summary": {"covered_lines": 0, "num_statements": 1, "percent_covered": 0.0, "percent_covered_display": "0", "missing_lines": 1, "excluded_lines": 0, "percent_statements_covered": 0.0, "percent_statements_covered_display": "0"}, "missing_lines": [255], "excluded_lines": []}, "_ConfigProxy.LM_STUDIO_API_KEY": {"executed_lines": [], "summary": {"covered_lines": 0, "num_statements": 1, "percent_covered": 0.0, "percent_covered_display": "0", "missing_lines": 1, "excluded_lines": 0, "percent_statements_covered": 0.0, "percent_statements_covered_display": "0"}, "missing_lines": [259], "excluded_lines": []}, "_ConfigProxy.MODEL_NAME": {"executed_lines": [], "summary": {"covered_lines": 0, "num_statements": 1, "percent_covered": 0.0, "percent_covered_display": "0", "missing_lines": 1, "excluded_lines": 0, "percent_statements_covered": 0.0, "percent_statements_covered_display": "0"}, "missing_lines": [263], "excluded_lines": []}, "_ConfigProxy.MAX_HISTORY_PAIRS": {"executed_lines": [], "summary": {"covered_lines": 0, "num_statements": 1, "percent_covered": 0.0, "percent_covered_display": "0", "missing_lines": 1, "excluded_lines": 0, "percent_statements_covered": 0.0, "percent_statements_covered_display": "0"}, "missing_lines": [267], "excluded_lines": []}, "_ConfigProxy.TEMPERATURE": {"executed_lines": [], "summary": {"covered_lines": 0, "num_statements": 1, "percent_covered": 0.0, "percent_covered_display": "0", "missing_lines": 1, "excluded_lines": 0, "percent_statements_covered": 0.0, "percent_statements_covered_display": "0"}, "missing_lines": [271], "excluded_lines": []}, "_ConfigProxy.MAX_INPUT_LENGTH": {"executed_lines": [], "summary": {"covered_lines": 0, "num_statements": 1, "percent_covered": 0.0, "percent_covered_display": "0", "missing_lines": 1, "excluded_lines": 0, "percent_statements_covered": 0.0, "percent_statements_covered_display": "0"}, "missing_lines": [275], "excluded_lines": []}, "_ConfigProxy.DB_TYPE": {"executed_lines": [], "summary": {"covered_lines": 0, "num_statements": 1, "percent_covered": 0.0, "percent_covered_display": "0", "missing_lines": 1, "excluded_lines": 0, "percent_statements_covered": 0.0, "percent_statements_covered_display": "0"}, "missing_lines": [279], "excluded_lines": []}, "_ConfigProxy.DB_PATH": {"executed_lines": [], "summary": {"covered_lines": 0, "num_statements": 1, "percent_covered": 0.0, "percent_covered_display": "0", "missing_lines": 1, "excluded_lines": 0, "percent_statements_covered": 0.0, "percent_statements_covered_display": "0"}, "missing_lines": [283], "excluded_lines": []}, "_ConfigProxy.CHROMA_HOST": {"executed_lines": [], "summary": {"covered_lines": 0, "num_statements": 1, "percent_covered": 0.0, "percent_covered_display": "0", "missing_lines": 1, "excluded_lines": 0, "percent_statements_covered": 0.0, "percent_statements_covered_display": "0"}, "missing_lines": [287], "excluded_lines": []}, "_ConfigProxy.CHROMA_PORT": {"executed_lines": [], "summary": {"covered_lines": 0, "num_statements": 1, "percent_covered": 0.0, "percent_covered_display": "0", "missing_lines": 1, "excluded_lines": 0, "percent_statements_covered": 0.0, "percent_statements_covered_display": "0"}, "missing_lines": [291], "excluded_lines": []}, "_ConfigProxy.OLLAMA_BASE_URL": {"executed_lines": [], "summary": {"covered_lines": 0, "num_statements": 1, "percent_covered": 0.0, "percent_covered_display": "0", "missing_lines": 1, "excluded_lines": 0, "percent_statements_covered": 0.0, "percent_statements_covered_display": "0"}, "missing_lines": [295], "excluded_lines": []}, "_ConfigProxy.EMBEDDING_MODEL": {"executed_lines": [], "summary": {"covered_lines": 0, "num_statements": 1, "percent_covered": 0.0, "percent_covered_display": "0", "missing_lines": 1, "excluded_lines": 0, "percent_statements_covered": 0.0, "percent_statements_covered_display": "0"}, "missing_lines": [299], "excluded_lines": []}, "_ConfigProxy.VERBOSE_LOGGING": {"executed_lines": [], "summary": {"covered_lines": 0, "num_statements": 1, "percent_covered": 0.0, "percent_covered_display": "0", "missing_lines": 1, "excluded_lines": 0, "percent_statements_covered": 0.0, "percent_statements_covered_display": "0"}, "missing_lines": [303], "excluded_lines": []}, "_ConfigProxy.SHOW_LLM_REASONING": {"executed_lines": [], "summary": {"covered_lines": 0, "num_statements": 1, "percent_covered": 0.0, "percent_covered_display": "0", "missing_lines": 1, "excluded_lines": 0, "percent_statements_covered": 0.0, "percent_statements_covered_display": "0"}, "missing_lines": [307], "excluded_lines": []}, "_ConfigProxy.SHOW_TOKEN_USAGE": {"executed_lines": [], "summary": {"covered_lines": 0, "num_statements": 1, "percent_covered": 0.0, "percent_covered_display": "0", "missing_lines": 1, "excluded_lines": 0, "percent_statements_covered": 0.0, "percent_statements_covered_display": "0"}, "missing_lines": [311], "excluded_lines": []}, "_ConfigProxy.SHOW_TOOL_DETAILS": {"executed_lines": [], "summary": {"covered_lines": 0, "num_statements": 1, "percent_covered": 0.0, "percent_covered_display": "0", "missing_lines": 1, "excluded_lines": 0, "percent_statements_covered": 0.0, "percent_statements_covered_display": "0"}, "missing_lines": [315], "excluded_lines": []}, "": {"executed_lines": [24, 38, 39, 40, 41, 42, 45, 48, 64, 82, 90, 95, 100, 105, 106, 107, 142, 143, 144, 147, 148, 149, 152, 153, 156, 157, 158, 159, 162, 163, 164, 165, 168, 169, 171, 172, 209, 210, 213, 233, 243, 250, 251, 253, 254, 257, 258, 261, 262, 265, 266, 269, 270, 273, 274, 277, 278, 281, 282, 285, 286, 289, 290, 293, 294, 297, 298, 301, 302, 305, 306, 309, 310, 313, 314, 319], "summary": {"covered_lines": 73, "num_statements": 73, "percent_covered": 100.0, "percent_covered_display": "100", "missing_lines": 0, "excluded_lines": 0, "percent_statements_covered": 100.0, "percent_statements_covered_display": "100"}, "missing_lines": [], "excluded_lines": []}}, "classes": {"Config": {"executed_lines": [179], "summary": {"covered_lines": 1, "num_statements": 1, "percent_covered": 100.0, "percent_covered_display": "100", "missing_lines": 0, "excluded_lines": 0, "percent_statements_covered": 100.0, "percent_statements_covered_display": "100"}, "missing_lines": [], "excluded_lines": []}, "_ConfigProxy": {"executed_lines": [], "summary": {"covered_lines": 0, "num_statements": 16, "percent_covered": 0.0, "percent_covered_display": "0", "missing_lines": 16, "excluded_lines": 0, "percent_statements_covered": 0.0, "percent_statements_covered_display": "0"}, "missing_lines": [255, 259, 263, 267, 271, 275, 279, 283, 287, 291, 295, 299, 303, 307, 311, 315], "excluded_lines": []}, "": {"executed_lines": [24, 38, 39, 40, 41, 42, 45, 48, 50, 54, 57, 59, 61, 64, 66, 67, 68, 71, 72, 79, 82, 84, 85, 86, 87, 90, 92, 95, 97, 100, 102, 105, 106, 107, 142, 143, 144, 147, 148, 149, 152, 153, 156, 157, 158, 159, 162, 163, 164, 165, 168, 169, 171, 172, 209, 210, 213, 227, 228, 229, 230, 233, 236, 237, 238, 243, 250, 251, 253, 254, 257, 258, 261, 262, 265, 266, 269, 270, 273, 274, 277, 278, 281, 282, 285, 286, 289, 290, 293, 294, 297, 298, 301, 302, 305, 306, 309, 310, 313, 314, 319], "summary": {"covered_lines": 98, "num_statements": 101, "percent_covered": 97.02970297029702, "percent_covered_display": "97", "missing_lines": 3, "excluded_lines": 0, "percent_statements_covered": 97.02970297029702, "percent_statements_covered_display": "97"}, "missing_lines": [73, 74, 245], "excluded_lines": []}}}, "src/core/context.py": {"executed_lines": [24, 48, 49, 50, 53, 54, 55, 89, 90, 91, 92, 93, 96, 97, 100, 103, 104, 105, 108, 109, 110, 112, 114, 115, 117, 119, 123, 124, 127, 142, 143, 144, 145, 146, 149, 157, 158, 161, 166, 167, 178, 180, 183, 185, 188, 190, 193, 195, 198, 200, 203, 205, 208, 210, 213, 215, 218, 220, 223, 225, 228, 230, 233, 235, 238, 240, 243, 245, 248, 250, 253, 255, 258, 260, 263, 265, 268, 270, 273, 275, 278, 280, 283, 285, 288, 290, 293, 295], "summary": {"covered_lines": 86, "num_statements": 86, "percent_covered": 100.0, "percent_covered_display": "100", "missing_lines": 0, "excluded_lines": 0, "percent_statements_covered": 100.0, "percent_statements_covered_display": "100"}, "missing_lines": [], "excluded_lines": [], "functions": {"ApplicationContext.reset_caches": {"executed_lines": [114, 115], "summary": {"covered_lines": 2, "num_statements": 2, "percent_covered": 100.0, "percent_covered_display": "100", "missing_lines": 0, "excluded_lines": 0, "percent_statements_covered": 100.0, "percent_statements_covered_display": "100"}, "missing_lines": [], "excluded_lines": []}, "ApplicationContext.reset_conversation": {"executed_lines": [119], "summary": {"covered_lines": 1, "num_statements": 1, "percent_covered": 100.0, "percent_covered_display": "100", "missing_lines": 0, "excluded_lines": 0, "percent_statements_covered": 100.0, "percent_statements_covered_display": "100"}, "missing_lines": [], "excluded_lines": []}, "get_context": {"executed_lines": [142, 143, 144, 145, 146], "summary": {"covered_lines": 5, "num_statements": 5, "percent_covered": 100.0, "percent_covered_display": "100", "missing_lines": 0, "excluded_lines": 0, "percent_statements_covered": 100.0, "percent_statements_covered_display": "100"}, "missing_lines": [], "excluded_lines": []}, "set_context": {"executed_lines": [157, 158], "summary": {"covered_lines": 2, "num_statements": 2, "percent_covered": 100.0, "percent_covered_display": "100", "missing_lines": 0, "excluded_lines": 0, "percent_statements_covered": 100.0, "percent_statements_covered_display": "100"}, "missing_lines": [], "excluded_lines": []}, "reset_context": {"executed_lines": [166, 167], "summary": {"covered_lines": 2, "num_statements": 2, "percent_covered": 100.0, "percent_covered_display": "100", "missing_lines": 0, "excluded_lines": 0, "percent_statements_covered": 100.0, "percent_statements_covered_display": "100"}, "missing_lines": [], "excluded_lines": []}, "get_llm": {"executed_lines": [180], "summary": {"covered_lines": 1, "num_statements": 1, "percent_covered": 100.0, "percent_covered_display": "100", "missing_lines": 0, "excluded_lines": 0, "percent_statements_covered": 100.0, "percent_statements_covered_display": "100"}, "missing_lines": [], "excluded_lines": []}, "set_llm": {"executed_lines": [185], "summary": {"covered_lines": 1, "num_statements": 1, "percent_covered": 100.0, "percent_covered_display": "100", "missing_lines": 0, "excluded_lines": 0, "percent_statements_covered": 100.0, "percent_statements_covered_display": "100"}, "missing_lines": [], "excluded_lines": []}, "get_vectorstore": {"executed_lines": [190], "summary": {"covered_lines": 1, "num_statements": 1, "percent_covered": 100.0, "percent_covered_display": "100", "missing_lines": 0, "excluded_lines": 0, "percent_statements_covered": 100.0, "percent_statements_covered_display": "100"}, "missing_lines": [], "excluded_lines": []}, "set_vectorstore": {"executed_lines": [195], "summary": {"covered_lines": 1, "num_statements": 1, "percent_covered": 100.0, "percent_covered_display": "100", "missing_lines": 0, "excluded_lines": 0, "percent_statements_covered": 100.0, "percent_statements_covered_display": "100"}, "missing_lines": [], "excluded_lines": []}, "get_embeddings": {"executed_lines": [200], "summary": {"covered_lines": 1, "num_statements": 1, "percent_covered": 100.0, "percent_covered_display": "100", "missing_lines": 0, "excluded_lines": 0, "percent_statements_covered": 100.0, "percent_statements_covered_display": "100"}, "missing_lines": [], "excluded_lines": []}, "set_embeddings": {"executed_lines": [205], "summary": {"covered_lines": 1, "num_statements": 1, "percent_covered": 100.0, "percent_covered_display": "100", "missing_lines": 0, "excluded_lines": 0, "percent_statements_covered": 100.0, "percent_statements_covered_display": "100"}, "missing_lines": [], "excluded_lines": []}, "get_chroma_client": {"executed_lines": [210], "summary": {"covered_lines": 1, "num_statements": 1, "percent_covered": 100.0, "percent_covered_display": "100", "missing_lines": 0, "excluded_lines": 0, "percent_statements_covered": 100.0, "percent_statements_covered_display": "100"}, "missing_lines": [], "excluded_lines": []}, "set_chroma_client": {"executed_lines": [215], "summary": {"covered_lines": 1, "num_statements": 1, "percent_covered": 100.0, "percent_covered_display": "100", "missing_lines": 0, "excluded_lines": 0, "percent_statements_covered": 100.0, "percent_statements_covered_display": "100"}, "missing_lines": [], "excluded_lines": []}, "get_user_memory": {"executed_lines": [220], "summary": {"covered_lines": 1, "num_statements": 1, "percent_covered": 100.0, "percent_covered_display": "100", "missing_lines": 0, "excluded_lines": 0, "percent_statements_covered": 100.0, "percent_statements_covered_display": "100"}, "missing_lines": [], "excluded_lines": []}, "set_user_memory": {"executed_lines": [225], "summary": {"covered_lines": 1, "num_statements": 1, "percent_covered": 100.0, "percent_covered_display": "100", "missing_lines": 0, "excluded_lines": 0, "percent_statements_covered": 100.0, "percent_statements_covered_display": "100"}, "missing_lines": [], "excluded_lines": []}, "get_db_conn": {"executed_lines": [230], "summary": {"covered_lines": 1, "num_statements": 1, "percent_covered": 100.0, "percent_covered_display": "100", "missing_lines": 0, "excluded_lines": 0, "percent_statements_covered": 100.0, "percent_statements_covered_display": "100"}, "missing_lines": [], "excluded_lines": []}, "set_db_conn": {"executed_lines": [235], "summary": {"covered_lines": 1, "num_statements": 1, "percent_covered": 100.0, "percent_covered_display": "100", "missing_lines": 0, "excluded_lines": 0, "percent_statements_covered": 100.0, "percent_statements_covered_display": "100"}, "missing_lines": [], "excluded_lines": []}, "get_db_lock": {"executed_lines": [240], "summary": {"covered_lines": 1, "num_statements": 1, "percent_covered": 100.0, "percent_covered_display": "100", "missing_lines": 0, "excluded_lines": 0, "percent_statements_covered": 100.0, "percent_statements_covered_display": "100"}, "missing_lines": [], "excluded_lines": []}, "set_db_lock": {"executed_lines": [245], "summary": {"covered_lines": 1, "num_statements": 1, "percent_covered": 100.0, "percent_covered_display": "100", "missing_lines": 0, "excluded_lines": 0, "percent_statements_covered": 100.0, "percent_statements_covered_display": "100"}, "missing_lines": [], "excluded_lines": []}, "get_conversation_history": {"executed_lines": [250], "summary": {"covered_lines": 1, "num_statements": 1, "percent_covered": 100.0, "percent_covered_display": "100", "missing_lines": 0, "excluded_lines": 0, "percent_statements_covered": 100.0, "percent_statements_covered_display": "100"}, "missing_lines": [], "excluded_lines": []}, "set_conversation_history": {"executed_lines": [255], "summary": {"covered_lines": 1, "num_statements": 1, "percent_covered": 100.0, "percent_covered_display": "100", "missing_lines": 0, "excluded_lines": 0, "percent_statements_covered": 100.0, "percent_statements_covered_display": "100"}, "missing_lines": [], "excluded_lines": []}, "get_context_mode": {"executed_lines": [260], "summary": {"covered_lines": 1, "num_statements": 1, "percent_covered": 100.0, "percent_covered_display": "100", "missing_lines": 0, "excluded_lines": 0, "percent_statements_covered": 100.0, "percent_statements_covered_display": "100"}, "missing_lines": [], "excluded_lines": []}, "set_context_mode": {"executed_lines": [265], "summary": {"covered_lines": 1, "num_statements": 1, "percent_covered": 100.0, "percent_covered_display": "100", "missing_lines": 0, "excluded_lines": 0, "percent_statements_covered": 100.0, "percent_statements_covered_display": "100"}, "missing_lines": [], "excluded_lines": []}, "get_learning_mode": {"executed_lines": [270], "summary": {"covered_lines": 1, "num_statements": 1, "percent_covered": 100.0, "percent_covered_display": "100", "missing_lines": 0, "excluded_lines": 0, "percent_statements_covered": 100.0, "percent_statements_covered_display": "100"}, "missing_lines": [], "excluded_lines": []}, "set_learning_mode": {"executed_lines": [275], "summary": {"covered_lines": 1, "num_statements": 1, "percent_covered": 100.0, "percent_covered_display": "100", "missing_lines": 0, "excluded_lines": 0, "percent_statements_covered": 100.0, "percent_statements_covered_display": "100"}, "missing_lines": [], "excluded_lines": []}, "get_current_space": {"executed_lines": [280], "summary": {"covered_lines": 1, "num_statements": 1, "percent_covered": 100.0, "percent_covered_display": "100", "missing_lines": 0, "excluded_lines": 0, "percent_statements_covered": 100.0, "percent_statements_covered_display": "100"}, "missing_lines": [], "excluded_lines": []}, "set_current_space": {"executed_lines": [285], "summary": {"covered_lines": 1, "num_statements": 1, "percent_covered": 100.0, "percent_covered_display": "100", "missing_lines": 0, "excluded_lines": 0, "percent_statements_covered": 100.0, "percent_statements_covered_display": "100"}, "missing_lines": [], "excluded_lines": []}, "get_embedding_cache": {"executed_lines": [290], "summary": {"covered_lines": 1, "num_statements": 1, "percent_covered": 100.0, "percent_covered_display": "100", "missing_lines": 0, "excluded_lines": 0, "percent_statements_covered": 100.0, "percent_statements_covered_display": "100"}, "missing_lines": [], "excluded_lines": []}, "get_query_cache": {"executed_lines": [295], "summary": {"covered_lines": 1, "num_statements": 1, "percent_covered": 100.0, "percent_covered_display": "100", "missing_lines": 0, "excluded_lines": 0, "percent_statements_covered": 100.0, "percent_statements_covered_display": "100"}, "missing_lines": [], "excluded_lines": []}, "": {"executed_lines": [24, 48, 49, 50, 53, 54, 55, 89, 90, 91, 92, 93, 96, 97, 100, 103, 104, 105, 108, 109, 110, 112, 117, 123, 124, 127, 149, 161, 178, 183, 188, 193, 198, 203, 208, 213, 218, 223, 228, 233, 238, 243, 248, 253, 258, 263, 268, 273, 278, 283, 288, 293], "summary": {"covered_lines": 50, "num_statements": 50, "percent_covered": 100.0, "percent_covered_display": "100", "missing_lines": 0, "excluded_lines": 0, "percent_statements_covered": 100.0, "percent_statements_covered_display": "100"}, "missing_lines": [], "excluded_lines": []}}, "classes": {"ApplicationContext": {"executed_lines": [114, 115, 119], "summary": {"covered_lines": 3, "num_statements": 3, "percent_covered": 100.0, "percent_covered_display": "100", "missing_lines": 0, "excluded_lines": 0, "percent_statements_covered": 100.0, "percent_statements_covered_display": "100"}, "missing_lines": [], "excluded_lines": []}, "": {"executed_lines": [24, 48, 49, 50, 53, 54, 55, 89, 90, 91, 92, 93, 96, 97, 100, 103, 104, 105, 108, 109, 110, 112, 117, 123, 124, 127, 142, 143, 144, 145, 146, 149, 157, 158, 161, 166, 167, 178, 180, 183, 185, 188, 190, 193, 195, 198, 200, 203, 205, 208, 210, 213, 215, 218, 220, 223, 225, 228, 230, 233, 235, 238, 240, 243, 245, 248, 250, 253, 255, 258, 260, 263, 265, 268, 270, 273, 275, 278, 280, 283, 285, 288, 290, 293, 295], "summary": {"covered_lines": 83, "num_statements": 83, "percent_covered": 100.0, "percent_covered_display": "100", "missing_lines": 0, "excluded_lines": 0, "percent_statements_covered": 100.0, "percent_statements_covered_display": "100"}, "missing_lines": [], "excluded_lines": []}}}, "src/core/context_utils.py": {"executed_lines": [24, 32, 33, 34, 35, 37, 38, 39, 42, 45, 48, 51, 52, 53, 55, 56, 61, 64, 65, 66, 69, 83, 84, 87, 88, 91, 92, 93, 94, 95, 98, 101, 102, 104, 106, 107, 111, 117, 118, 119, 122, 123, 124, 125, 126, 127, 128, 129, 130, 131, 135, 136, 137, 140, 143, 145, 147, 148, 151, 152, 153, 154, 155, 158, 159, 162, 163, 166, 167, 178, 189, 190, 193, 197, 201, 203, 204, 210, 213, 214, 215, 219, 222, 223, 224, 227, 228, 229, 231, 232, 233, 234, 235, 236, 239, 240, 241, 242, 257, 264, 265, 273, 274, 278, 279, 282, 289, 290, 292, 293, 294, 295, 305, 315], "summary": {"covered_lines": 113, "num_statements": 150, "percent_covered": 75.33333333333333, "percent_covered_display": "75", "missing_lines": 37, "excluded_lines": 0, "percent_statements_covered": 75.33333333333333, "percent_statements_covered_display": "75"}, "missing_lines": [108, 109, 112, 113, 114, 132, 133, 164, 169, 170, 172, 174, 175, 194, 195, 198, 199, 216, 217, 245, 246, 247, 251, 254, 284, 287, 296, 297, 298, 300, 301, 302, 307, 308, 310, 311, 312], "excluded_lines": [], "functions": {"_get_api_session": {"executed_lines": [51, 52, 53, 55, 56, 61, 64, 65, 66], "summary": {"covered_lines": 9, "num_statements": 9, "percent_covered": 100.0, "percent_covered_display": "100", "missing_lines": 0, "excluded_lines": 0, "percent_statements_covered": 100.0, "percent_statements_covered_display": "100"}, "missing_lines": [], "excluded_lines": []}, "get_relevant_context": {"executed_lines": [83, 84, 87, 88, 91, 92, 93, 94, 95, 98, 101, 102, 104, 106, 107, 111, 117, 118, 119, 122, 123, 124, 125, 126, 127, 128, 129, 130, 131, 135, 136, 137, 140, 143, 145, 147, 148, 151, 152, 153, 154, 155, 158, 159, 162, 163, 166, 167], "summary": {"covered_lines": 48, "num_statements": 61, "percent_covered": 78.68852459016394, "percent_covered_display": "79", "missing_lines": 13, "excluded_lines": 0, "percent_statements_covered": 78.68852459016394, "percent_statements_covered_display": "79"}, "missing_lines": [108, 109, 112, 113, 114, 132, 133, 164, 169, 170, 172, 174, 175], "excluded_lines": []}, "add_to_knowledge_base": {"executed_lines": [189, 190, 193, 197, 201, 203, 204, 210, 213, 214, 215, 219, 222, 223, 224, 227, 228, 229, 231, 232, 233, 234, 235, 236, 239, 240, 241, 242, 257, 264, 265, 273, 274, 278, 279, 282, 289, 290, 292, 293, 294, 295], "summary": {"covered_lines": 42, "num_statements": 61, "percent_covered": 68.85245901639344, "percent_covered_display": "69", "missing_lines": 19, "excluded_lines": 0, "percent_statements_covered": 68.85245901639344, "percent_statements_covered_display": "69"}, "missing_lines": [194, 195, 198, 199, 216, 217, 245, 246, 247, 251, 254, 284, 287, 296, 297, 298, 300, 301, 302], "excluded_lines": []}, "_save_query_cache": {"executed_lines": [], "summary": {"covered_lines": 0, "num_statements": 5, "percent_covered": 0.0, "percent_covered_display": "0", "missing_lines": 5, "excluded_lines": 0, "percent_statements_covered": 0.0, "percent_statements_covered_display": "0"}, "missing_lines": [307, 308, 310, 311, 312], "excluded_lines": []}, "": {"executed_lines": [24, 32, 33, 34, 35, 37, 38, 39, 42, 45, 48, 69, 178, 305, 315], "summary": {"covered_lines": 14, "num_statements": 14, "percent_covered": 100.0, "percent_covered_display": "100", "missing_lines": 0, "excluded_lines": 0, "percent_statements_covered": 100.0, "percent_statements_covered_display": "100"}, "missing_lines": [], "excluded_lines": []}}, "classes": {"": {"executed_lines": [24, 32, 33, 34, 35, 37, 38, 39, 42, 45, 48, 51, 52, 53, 55, 56, 61, 64, 65, 66, 69, 83, 84, 87, 88, 91, 92, 93, 94, 95, 98, 101, 102, 104, 106, 107, 111, 117, 118, 119, 122, 123, 124, 125, 126, 127, 128, 129, 130, 131, 135, 136, 137, 140, 143, 145, 147, 148, 151, 152, 153, 154, 155, 158, 159, 162, 163, 166, 167, 178, 189, 190, 193, 197, 201, 203, 204, 210, 213, 214, 215, 219, 222, 223, 224, 227, 228, 229, 231, 232, 233, 234, 235, 236, 239, 240, 241, 242, 257, 264, 265, 273, 274, 278, 279, 282, 289, 290, 292, 293, 294, 295, 305, 315], "summary": {"covered_lines": 113, "num_statements": 150, "percent_covered": 75.33333333333333, "percent_covered_display": "75", "missing_lines": 37, "excluded_lines": 0, "percent_statements_covered": 75.33333333333333, "percent_statements_covered_display": "75"}, "missing_lines": [108, 109, 112, 113, 114, 132, 133, 164, 169, 170, 172, 174, 175, 194, 195, 198, 199, 216, 217, 245, 246, 247, 251, 254, 284, 287, 296, 297, 298, 300, 301, 302, 307, 308, 310, 311, 312], "excluded_lines": []}}}, "src/gui.py": {"executed_lines": [24, 94, 95, 96, 97, 111, 112, 113, 114, 117, 120, 126, 127, 128, 129, 130, 131, 132, 135, 136, 138, 144, 147, 154, 155, 156, 157, 159, 163, 275, 276, 278, 279, 280, 282, 287, 422, 423, 471, 499, 530, 559, 649, 680, 718, 725, 903, 1081, 1098, 1128, 1177, 1182, 1192, 1226, 1352, 1402, 1408, 1421, 1429, 1443, 1459, 1465, 1471, 1489, 1526, 1546, 2122, 2136, 2166], "summary": {"covered_lines": 66, "num_statements": 845, "percent_covered": 7.810650887573964, "percent_covered_display": "8", "missing_lines": 779, "excluded_lines": 0, "percent_statements_covered": 7.810650887573964, "percent_statements_covered_display": "8"}, "missing_lines": [139, 140, 141, 160, 161, 164, 166, 190, 191, 192, 195, 197, 198, 199, 200, 203, 206, 209, 212, 213, 217, 219, 221, 226, 227, 228, 231, 236, 239, 241, 243, 244, 245, 246, 247, 248, 251, 253, 254, 258, 260, 264, 270, 271, 272, 283, 284, 285, 289, 290, 291, 295, 296, 299, 318, 319, 322, 323, 324, 326, 327, 330, 332, 335, 339, 342, 343, 344, 346, 347, 349, 350, 351, 354, 355, 356, 358, 359, 362, 363, 366, 367, 370, 372, 373, 374, 378, 379, 380, 381, 383, 386, 387, 388, 389, 390, 393, 400, 401, 404, 407, 410, 411, 416, 418, 419, 472, 475, 477, 478, 479, 480, 482, 492, 493, 497, 501, 502, 505, 506, 509, 512, 515, 516, 519, 520, 523, 525, 528, 532, 533, 536, 537, 538, 539, 542, 544, 545, 548, 549, 551, 552, 553, 555, 557, 561, 562, 565, 566, 568, 569, 571, 572, 574, 577, 578, 580, 590, 591, 592, 593, 595, 598, 599, 602, 603, 604, 606, 607, 608, 611, 612, 613, 614, 615, 616, 617, 618, 621, 622, 623, 624, 625, 626, 628, 629, 632, 633, 634, 636, 637, 638, 639, 640, 642, 645, 647, 651, 653, 655, 657, 660, 662, 669, 675, 676, 677, 678, 683, 692, 695, 696, 699, 700, 703, 710, 713, 714, 716, 720, 721, 723, 728, 731, 734, 737, 740, 743, 746, 751, 754, 757, 760, 765, 768, 773, 776, 780, 783, 794, 806, 828, 831, 832, 835, 840, 867, 868, 871, 878, 879, 882, 900, 901, 906, 909, 912, 915, 918, 921, 924, 929, 932, 935, 938, 943, 946, 951, 954, 958, 961, 972, 984, 1006, 1009, 1010, 1013, 1018, 1045, 1046, 1049, 1056, 1057, 1060, 1078, 1079, 1083, 1085, 1086, 1088, 1089, 1090, 1092, 1095, 1096, 1100, 1102, 1103, 1104, 1105, 1106, 1108, 1109, 1110, 1114, 1115, 1119, 1120, 1124, 1125, 1126, 1130, 1131, 1132, 1133, 1135, 1138, 1141, 1142, 1143, 1146, 1147, 1148, 1152, 1153, 1157, 1158, 1159, 1162, 1163, 1164, 1165, 1166, 1167, 1168, 1169, 1173, 1174, 1175, 1179, 1180, 1184, 1185, 1186, 1188, 1190, 1195, 1198, 1203, 1204, 1206, 1207, 1208, 1210, 1211, 1214, 1215, 1217, 1219, 1222, 1223, 1224, 1228, 1230, 1231, 1233, 1238, 1241, 1242, 1247, 1250, 1251, 1252, 1253, 1254, 1255, 1256, 1257, 1258, 1259, 1260, 1261, 1263, 1264, 1265, 1267, 1268, 1270, 1271, 1272, 1273, 1276, 1277, 1279, 1282, 1283, 1285, 1287, 1288, 1289, 1291, 1292, 1293, 1294, 1299, 1301, 1302, 1303, 1304, 1306, 1307, 1309, 1310, 1313, 1314, 1319, 1321, 1322, 1323, 1324, 1326, 1327, 1329, 1331, 1334, 1338, 1341, 1345, 1347, 1348, 1355, 1357, 1359, 1360, 1364, 1365, 1368, 1370, 1372, 1373, 1375, 1378, 1380, 1381, 1382, 1384, 1385, 1386, 1387, 1388, 1389, 1390, 1391, 1392, 1395, 1397, 1398, 1404, 1405, 1406, 1410, 1411, 1412, 1415, 1416, 1419, 1423, 1425, 1426, 1427, 1431, 1434, 1435, 1436, 1439, 1440, 1441, 1445, 1450, 1451, 1452, 1455, 1456, 1457, 1462, 1463, 1468, 1469, 1473, 1476, 1477, 1478, 1480, 1481, 1482, 1484, 1487, 1491, 1492, 1495, 1496, 1497, 1511, 1512, 1528, 1530, 1532, 1534, 1537, 1538, 1539, 1540, 1541, 1544, 1548, 1552, 1553, 1556, 1558, 1570, 1572, 1573, 1576, 1577, 1578, 1583, 1584, 1588, 1593, 1596, 1597, 1601, 1606, 1607, 1614, 1616, 1619, 1622, 1623, 1628, 1630, 1633, 1636, 1637, 1639, 1640, 1645, 1646, 1650, 1651, 1653, 1655, 1661, 1662, 1665, 1674, 1675, 1680, 1681, 1683, 1688, 1693, 1695, 1696, 1698, 1701, 1702, 1705, 1706, 1709, 1710, 1716, 1720, 1722, 1724, 1727, 1730, 1731, 1735, 1736, 1738, 1740, 1742, 1745, 1746, 1749, 1752, 1755, 1758, 1761, 1763, 1764, 1765, 1768, 1769, 1770, 1771, 1773, 1774, 1776, 1782, 1783, 1784, 1785, 1788, 1790, 1791, 1793, 1795, 1796, 1798, 1804, 1805, 1806, 1808, 1811, 1812, 1813, 1814, 1817, 1819, 1820, 1822, 1824, 1826, 1827, 1829, 1835, 1837, 1840, 1841, 1842, 1843, 1846, 1848, 1849, 1852, 1854, 1855, 1857, 1861, 1862, 1865, 1866, 1867, 1869, 1870, 1872, 1876, 1878, 1881, 1882, 1885, 1886, 1889, 1890, 1891, 1892, 1895, 1897, 1898, 1899, 1902, 1905, 1907, 1909, 1912, 1918, 1921, 1924, 1926, 1929, 1930, 1931, 1933, 1934, 1939, 1940, 1941, 1944, 1947, 1949, 1950, 1951, 1954, 1957, 1959, 1962, 1967, 1968, 1970, 1972, 1973, 1975, 1978, 1980, 1985, 1986, 1987, 1990, 1991, 1993, 1995, 1997, 1998, 2001, 2002, 2003, 2004, 2005, 2006, 2007, 2011, 2012, 2013, 2014, 2015, 2017, 2018, 2021, 2022, 2025, 2026, 2030, 2032, 2033, 2036, 2039, 2044, 2045, 2046, 2047, 2048, 2050, 2051, 2054, 2055, 2058, 2059, 2063, 2065, 2067, 2070, 2073, 2078, 2079, 2101, 2106, 2109, 2112, 2113, 2118, 2119, 2120, 2124, 2126, 2127, 2128, 2129, 2130, 2131, 2132, 2133, 2138, 2141, 2142, 2143, 2146, 2147, 2148, 2150, 2151, 2154, 2155, 2156, 2159, 2160, 2163, 2167], "excluded_lines": [], "functions": {"AIWorker.__init__": {"executed_lines": [], "summary": {"covered_lines": 0, "num_statements": 2, "percent_covered": 0.0, "percent_covered_display": "0", "missing_lines": 2, "excluded_lines": 0, "percent_statements_covered": 0.0, "percent_statements_covered_display": "0"}, "missing_lines": [160, 161], "excluded_lines": []}, "AIWorker.run": {"executed_lines": [], "summary": {"covered_lines": 0, "num_statements": 32, "percent_covered": 0.0, "percent_covered_display": "0", "missing_lines": 32, "excluded_lines": 0, "percent_statements_covered": 0.0, "percent_statements_covered_display": "0"}, "missing_lines": [164, 166, 190, 191, 192, 195, 197, 198, 199, 200, 203, 206, 209, 212, 213, 217, 219, 221, 226, 227, 228, 231, 236, 239, 241, 243, 258, 260, 264, 270, 271, 272], "excluded_lines": []}, "AIWorker.run.run_mem0_add": {"executed_lines": [], "summary": {"covered_lines": 0, "num_statements": 8, "percent_covered": 0.0, "percent_covered_display": "0", "missing_lines": 8, "excluded_lines": 0, "percent_statements_covered": 0.0, "percent_statements_covered_display": "0"}, "missing_lines": [244, 245, 246, 247, 248, 251, 253, 254], "excluded_lines": []}, "PopulateWorker.__init__": {"executed_lines": [], "summary": {"covered_lines": 0, "num_statements": 3, "percent_covered": 0.0, "percent_covered_display": "0", "missing_lines": 3, "excluded_lines": 0, "percent_statements_covered": 0.0, "percent_statements_covered_display": "0"}, "missing_lines": [283, 284, 285], "excluded_lines": []}, "Populate
[...]
28, 129, 130, 133, 134, 145, 146, 147, 150, 152, 159, 160, 161, 164], "summary": {"covered_lines": 30, "num_statements": 30, "percent_covered": 100.0, "percent_covered_display": "100", "missing_lines": 0, "excluded_lines": 0, "percent_statements_covered": 100.0, "percent_statements_covered_display": "100"}, "missing_lines": [], "excluded_lines": []}}}, "src/tools/executors/web_tools.py": {"executed_lines": [24, 31, 32, 34, 36, 42, 71, 72, 83, 84, 86, 89, 91, 101, 102, 106, 107, 109, 112, 117, 119, 120, 124, 125, 126, 129, 130, 131, 134], "summary": {"covered_lines": 28, "num_statements": 29, "percent_covered": 96.55172413793103, "percent_covered_display": "97", "missing_lines": 1, "excluded_lines": 0, "percent_statements_covered": 96.55172413793103, "percent_statements_covered_display": "97"}, "missing_lines": [104], "excluded_lines": [], "functions": {"execute_web_search": {"executed_lines": [83, 84, 86, 89, 91, 101, 102, 106, 107, 109, 112, 117, 119, 120, 124, 125, 126, 129, 130, 131], "summary": {"covered_lines": 20, "num_statements": 21, "percent_covered": 95.23809523809524, "percent_covered_display": "95", "missing_lines": 1, "excluded_lines": 0, "percent_statements_covered": 95.23809523809524, "percent_statements_covered_display": "95"}, "missing_lines": [104], "excluded_lines": []}, "": {"executed_lines": [24, 31, 32, 34, 36, 42, 71, 72, 134], "summary": {"covered_lines": 8, "num_statements": 8, "percent_covered": 100.0, "percent_covered_display": "100", "missing_lines": 0, "excluded_lines": 0, "percent_statements_covered": 100.0, "percent_statements_covered_display": "100"}, "missing_lines": [], "excluded_lines": []}}, "classes": {"": {"executed_lines": [24, 31, 32, 34, 36, 42, 71, 72, 83, 84, 86, 89, 91, 101, 102, 106, 107, 109, 112, 117, 119, 120, 124, 125, 126, 129, 130, 131, 134], "summary": {"covered_lines": 28, "num_statements": 29, "percent_covered": 96.55172413793103, "percent_covered_display": "97", "missing_lines": 1, "excluded_lines": 0, "percent_statements_covered": 96.55172413793103, "percent_statements_covered_display": "97"}, "missing_lines": [104], "excluded_lines": []}}}, "src/tools/registry.py": {"executed_lines": [23, 30, 31, 32, 34, 37, 38, 56, 57, 59, 60, 76, 77, 78, 79, 80, 81, 83, 84, 95, 96, 97, 99, 100, 101, 102, 103, 105, 106, 116, 117, 118, 121, 122, 124, 126, 127, 132, 133, 144, 145, 152, 153, 155, 156, 158, 160, 161, 163, 165, 166, 168, 169, 172, 184], "summary": {"covered_lines": 53, "num_statements": 56, "percent_covered": 94.64285714285714, "percent_covered_display": "95", "missing_lines": 3, "excluded_lines": 2, "percent_statements_covered": 94.64285714285714, "percent_statements_covered_display": "95"}, "missing_lines": [137, 138, 139], "excluded_lines": [38, 173], "functions": {"ToolRegistry.register": {"executed_lines": [76, 81], "summary": {"covered_lines": 2, "num_statements": 2, "percent_covered": 100.0, "percent_covered_display": "100", "missing_lines": 0, "excluded_lines": 0, "percent_statements_covered": 100.0, "percent_statements_covered_display": "100"}, "missing_lines": [], "excluded_lines": []}, "ToolRegistry.register.decorator": {"executed_lines": [77, 78, 79, 80], "summary": {"covered_lines": 4, "num_statements": 4, "percent_covered": 100.0, "percent_covered_display": "100", "missing_lines": 0, "excluded_lines": 0, "percent_statements_covered": 100.0, "percent_statements_covered_display": "100"}, "missing_lines": [], "excluded_lines": []}, "ToolRegistry.execute": {"executed_lines": [95, 96, 97, 99, 100, 101, 102, 103], "summary": {"covered_lines": 8, "num_statements": 8, "percent_covered": 100.0, "percent_covered_display": "100", "missing_lines": 0, "excluded_lines": 0, "percent_statements_covered": 100.0, "percent_statements_covered_display": "100"}, "missing_lines": [], "excluded_lines": []}, "ToolRegistry.execute_tool_call": {"executed_lines": [116, 117, 118, 121, 122, 124, 126, 127, 132, 133], "summary": {"covered_lines": 10, "num_statements": 13, "percent_covered": 76.92307692307692, "percent_covered_display": "77", "missing_lines": 3, "excluded_lines": 0, "percent_statements_covered": 76.92307692307692, "percent_statements_covered_display": "77"}, "missing_lines": [137, 138, 139], "excluded_lines": []}, "ToolRegistry.get_definitions": {"executed_lines": [152, 153], "summary": {"covered_lines": 2, "num_statements": 2, "percent_covered": 100.0, "percent_covered_display": "100", "missing_lines": 0, "excluded_lines": 0, "percent_statements_covered": 100.0, "percent_statements_covered_display": "100"}, "missing_lines": [], "excluded_lines": []}, "ToolRegistry.get_tool_names": {"executed_lines": [158], "summary": {"covered_lines": 1, "num_statements": 1, "percent_covered": 100.0, "percent_covered_display": "100", "missing_lines": 0, "excluded_lines": 0, "percent_statements_covered": 100.0, "percent_statements_covered_display": "100"}, "missing_lines": [], "excluded_lines": []}, "ToolRegistry.has_tool": {"executed_lines": [163], "summary": {"covered_lines": 1, "num_statements": 1, "percent_covered": 100.0, "percent_covered_display": "100", "missing_lines": 0, "excluded_lines": 0, "percent_statements_covered": 100.0, "percent_statements_covered_display": "100"}, "missing_lines": [], "excluded_lines": []}, "ToolRegistry.clear": {"executed_lines": [168, 169], "summary": {"covered_lines": 2, "num_statements": 2, "percent_covered": 100.0, "percent_covered_display": "100", "missing_lines": 0, "excluded_lines": 0, "percent_statements_covered": 100.0, "percent_statements_covered_display": "100"}, "missing_lines": [], "excluded_lines": []}, "register_tool": {"executed_lines": [184], "summary": {"covered_lines": 1, "num_statements": 1, "percent_covered": 100.0, "percent_covered_display": "100", "missing_lines": 0, "excluded_lines": 1, "percent_statements_covered": 100.0, "percent_statements_covered_display": "100"}, "missing_lines": [], "excluded_lines": [173]}, "": {"executed_lines": [23, 30, 31, 32, 34, 37, 38, 56, 57, 59, 60, 83, 84, 105, 106, 144, 145, 155, 156, 160, 161, 165, 166, 172], "summary": {"covered_lines": 22, "num_statements": 22, "percent_covered": 100.0, "percent_covered_display": "100", "missing_lines": 0, "excluded_lines": 1, "percent_statements_covered": 100.0, "percent_statements_covered_display": "100"}, "missing_lines": [], "excluded_lines": [38]}}, "classes": {"ToolRegistry": {"executed_lines": [76, 77, 78, 79, 80, 81, 95, 96, 97, 99, 100, 101, 102, 103, 116, 117, 118, 121, 122, 124, 126, 127, 132, 133, 152, 153, 158, 163, 168, 169], "summary": {"covered_lines": 30, "num_statements": 33, "percent_covered": 90.9090909090909, "percent_covered_display": "91", "missing_lines": 3, "excluded_lines": 0, "percent_statements_covered": 90.9090909090909, "percent_statements_covered_display": "91"}, "missing_lines": [137, 138, 139], "excluded_lines": []}, "": {"executed_lines": [23, 30, 31, 32, 34, 37, 38, 56, 57, 59, 60, 83, 84, 105, 106, 144, 145, 155, 156, 160, 161, 165, 166, 172, 184], "summary": {"covered_lines": 23, "num_statements": 23, "percent_covered": 100.0, "percent_covered_display": "100", "missing_lines": 0, "excluded_lines": 2, "percent_statements_covered": 100.0, "percent_statements_covered_display": "100"}, "missing_lines": [], "excluded_lines": [38, 173]}}}, "src/vectordb/__init__.py": {"executed_lines": [23, 32, 33, 43], "summary": {"covered_lines": 3, "num_statements": 3, "percent_covered": 100.0, "percent_covered_display": "100", "missing_lines": 0, "excluded_lines": 0, "percent_statements_covered": 100.0, "percent_statements_covered_display": "100"}, "missing_lines": [], "excluded_lines": [], "functions": {"": {"executed_lines": [23, 32, 33, 43], "summary": {"covered_lines": 3, "num_statements": 3, "percent_covered": 100.0, "percent_covered_display": "100", "missing_lines": 0, "excluded_lines": 0, "percent_statements_covered": 100.0, "percent_statements_covered_display": "100"}, "missing_lines": [], "excluded_lines": []}}, "classes": {"": {"executed_lines": [23, 32, 33, 43], "summary": {"covered_lines": 3, "num_statements": 3, "percent_covered": 100.0, "percent_covered_display": "100", "missing_lines": 0, "excluded_lines": 0, "percent_statements_covered": 100.0, "percent_statements_covered_display": "100"}, "missing_lines": [], "excluded_lines": []}}}, "src/vectordb/client.py": {"executed_lines": [23, 30, 31, 33, 34, 35, 37, 39, 42, 43, 56, 64, 65, 66, 67, 68, 71, 73, 75, 76, 81, 82, 83, 84, 86, 96, 97, 98, 99, 106, 116, 117, 118, 119, 120, 122, 132, 133, 134, 139, 140, 141, 148, 158, 159, 160, 161, 162, 163, 170, 188, 189, 190, 194, 196, 197, 198, 199, 201, 202, 203, 204, 206, 215, 237, 238, 239, 243, 244, 245, 249, 250, 252, 253, 259, 269, 270, 271, 272, 273, 279, 286, 287, 288, 289, 290, 294, 297, 305, 306, 307, 310, 313], "summary": {"covered_lines": 91, "num_statements": 119, "percent_covered": 76.47058823529412, "percent_covered_display": "76", "missing_lines": 28, "excluded_lines": 0, "percent_statements_covered": 76.47058823529412, "percent_statements_covered_display": "76"}, "missing_lines": [100, 101, 102, 103, 104, 142, 143, 144, 145, 146, 164, 165, 166, 167, 168, 208, 209, 211, 212, 213, 246, 255, 256, 257, 274, 275, 276, 277], "excluded_lines": [], "functions": {"ChromaDBClient.__init__": {"executed_lines": [64, 65, 66, 67, 68, 71], "summary": {"covered_lines": 6, "num_statements": 6, "percent_covered": 100.0, "percent_covered_display": "100", "missing_lines": 0, "excluded_lines": 0, "percent_statements_covered": 100.0, "percent_statements_covered_display": "100"}, "missing_lines": [], "excluded_lines": []}, "ChromaDBClient._create_session": {"executed_lines": [75, 76, 81, 82, 83, 84], "summary": {"covered_lines": 6, "num_statements": 6, "percent_covered": 100.0, "percent_covered_display": "100", "missing_lines": 0, "excluded_lines": 0, "percent_statements_covered": 100.0, "percent_statements_covered_display": "100"}, "missing_lines": [], "excluded_lines": []}, "ChromaDBClient.list_collections": {"executed_lines": [96, 97, 98, 99], "summary": {"covered_lines": 4, "num_statements": 9, "percent_covered": 44.44444444444444, "percent_covered_display": "44", "missing_lines": 5, "excluded_lines": 0, "percent_statements_covered": 44.44444444444444, "percent_statements_covered_display": "44"}, "missing_lines": [100, 101, 102, 103, 104], "excluded_lines": []}, "ChromaDBClient.get_collection_id": {"executed_lines": [116, 117, 118, 119, 120], "summary": {"covered_lines": 5, "num_statements": 5, "percent_covered": 100.0, "percent_covered_display": "100", "missing_lines": 0, "excluded_lines": 0, "percent_statements_covered": 100.0, "percent_statements_covered_display": "100"}, "missing_lines": [], "excluded_lines": []}, "ChromaDBClient.create_collection": {"executed_lines": [132, 133, 134, 139, 140, 141], "summary": {"covered_lines": 6, "num_statements": 11, "percent_covered": 54.54545454545455, "percent_covered_display": "55", "missing_lines": 5, "excluded_lines": 0, "percent_statements_covered": 54.54545454545455, "percent_statements_covered_display": "55"}, "missing_lines": [142, 143, 144, 145, 146], "excluded_lines": []}, "ChromaDBClient.delete_collection": {"executed_lines": [158, 159, 160, 161, 162, 163], "summary": {"covered_lines": 6, "num_statements": 11, "percent_covered": 54.54545454545455, "percent_covered_display": "55", "missing_lines": 5, "excluded_lines": 0, "percent_statements_covered": 54.54545454545455, "percent_statements_covered_display": "55"}, "missing_lines": [164, 165, 166, 167, 168], "excluded_lines": []}, "ChromaDBClient.query_collection": {"executed_lines": [188, 189, 190, 194, 196, 197, 198, 199, 201, 202, 203, 204, 206], "summary": {"covered_lines": 13, "num_statements": 18, "percent_covered": 72.22222222222223, "percent_covered_display": "72", "missing_lines": 5, "excluded_lines": 0, "percent_statements_covered": 72.22222222222223, "percent_statements_covered_display": "72"}, "missing_lines": [208, 209, 211, 212, 213], "excluded_lines": []}, "ChromaDBClient.add_documents": {"executed_lines": [237, 238, 239, 243, 244, 245, 249, 250, 252, 253], "summary": {"covered_lines": 10, "num_statements": 14, "percent_covered": 71.42857142857143, "percent_covered_display": "71", "missing_lines": 4, "excluded_lines": 0, "percent_statements_covered": 71.42857142857143, "percent_statements_covered_display": "71"}, "missing_lines": [246, 255, 256, 257], "excluded_lines": []}, "ChromaDBClient.get_collection_count": {"executed_lines": [269, 270, 271, 272, 273], "summary": {"covered_lines": 5, "num_statements": 9, "percent_covered": 55.55555555555556, "percent_covered_display": "56", "missing_lines": 4, "excluded_lines": 0, "percent_statements_covered": 55.55555555555556, "percent_statements_covered_display": "56"}, "missing_lines": [274, 275, 276, 277], "excluded_lines": []}, "ChromaDBClient.health_check": {"executed_lines": [286, 287, 288, 289, 290], "summary": {"covered_lines": 5, "num_statements": 5, "percent_covered": 100.0, "percent_covered_display": "100", "missing_lines": 0, "excluded_lines": 0, "percent_statements_covered": 100.0, "percent_statements_covered_display": "100"}, "missing_lines": [], "excluded_lines": []}, "get_chromadb_client": {"executed_lines": [305, 306, 307], "summary": {"covered_lines": 3, "num_statements": 3, "percent_covered": 100.0, "percent_covered_display": "100", "missing_lines": 0, "excluded_lines": 0, "percent_statements_covered": 100.0, "percent_statements_covered_display": "100"}, "missing_lines": [], "excluded_lines": []}, "reset_chromadb_client": {"executed_lines": [313], "summary": {"covered_lines": 1, "num_statements": 1, "percent_covered": 100.0, "percent_covered_display": "100", "missing_lines": 0, "excluded_lines": 0, "percent_statements_covered": 100.0, "percent_statements_covered_display": "100"}, "missing_lines": [], "excluded_lines": []}, "": {"executed_lines": [23, 30, 31, 33, 34, 35, 37, 39, 42, 43, 56, 73, 86, 106, 122, 148, 170, 215, 259, 279, 294, 297, 310], "summary": {"covered_lines": 21, "num_statements": 21, "percent_covered": 100.0, "percent_covered_display": "100", "missing_lines": 0, "excluded_lines": 0, "percent_statements_covered": 100.0, "percent_statements_covered_display": "100"}, "missing_lines": [], "excluded_lines": []}}, "classes": {"ChromaDBClient": {"executed_lines": [64, 65, 66, 67, 68, 71, 75, 76, 81, 82, 83, 84, 96, 97, 98, 99, 116, 117, 118, 119, 120, 132, 133, 134, 139, 140, 141, 158, 159, 160, 161, 162, 163, 188, 189, 190, 194, 196, 197, 198, 199, 201, 202, 203, 204, 206, 237, 238, 239, 243, 244, 245, 249, 250, 252, 253, 269, 270, 271, 272, 273, 286, 287, 288, 289, 290], "summary": {"covered_lines": 66, "num_statements": 94, "percent_covered": 70.2127659574468, "percent_covered_display": "70", "missing_lines": 28, "excluded_lines": 0, "percent_statements_covered": 70.2127659574468, "percent_statements_covered_display": "70"}, "missing_lines": [100, 101, 102, 103, 104, 142, 143, 144, 145, 146, 164, 165, 166, 167, 168, 208, 209, 211, 212, 213, 246, 255, 256, 257, 274, 275, 276, 277], "excluded_lines": []}, "": {"executed_lines": [23, 30, 31, 33, 34, 35, 37, 39, 42, 43, 56, 73, 86, 106, 122, 148, 170, 215, 259, 279, 294, 297, 305, 306, 307, 310, 313], "summary": {"covered_lines": 25, "num_statements": 25, "percent_covered": 100.0, "percent_covered_display": "100", "missing_lines": 0, "excluded_lines": 0, "percent_statements_covered": 100.0, "percent_statements_covered_display": "100"}, "missing_lines": [], "excluded_lines": []}}}, "src/vectordb/spaces.py": {"executed_lines": [23, 30, 31, 32, 33, 35, 36, 38, 41, 55, 56, 57, 60, 73, 74, 75, 77, 80, 86, 93, 94, 95, 97, 98, 99, 100, 101, 102, 103, 105, 107, 108, 109, 112, 122, 123, 124, 126, 127, 128, 129, 131, 132, 133, 136, 146, 147, 149, 150, 151, 154, 160, 161, 162, 163, 164, 165, 166, 169, 176, 177, 178, 179, 180, 181, 182, 183], "summary": {"covered_lines": 66, "num_statements": 69, "percent_covered": 95.65217391304348, "percent_covered_display": "96", "missing_lines": 3, "excluded_lines": 0, "percent_statements_covered": 95.65217391304348, "percent_statements_covered_display": "96"}, "missing_lines": [81, 82, 83], "excluded_lines": [], "functions": {"get_space_collection_name": {"executed_lines": [55, 56, 57], "summary": {"covered_lines": 3, "num_statements": 3, "percent_covered": 100.0, "percent_covered_display": "100", "missing_lines": 0, "excluded_lines": 0, "percent_statements_covered": 100.0, "percent_statements_covered_display": "100"}, "missing_lines": [], "excluded_lines": []}, "ensure_space_collection": {"executed_lines": [73, 74, 75, 77, 80], "summary": {"covered_lines": 5, "num_statements": 8, "percent_covered": 62.5, "percent_covered_display": "62", "missing_lines": 3, "excluded_lines": 0, "percent_statements_covered": 62.5, "percent_statements_covered_display": "62"}, "missing_lines": [81, 82, 83], "excluded_lines": []}, "list_spaces": {"executed_lines": [93, 94, 95, 97, 98, 99, 100, 101, 102, 103, 105, 107, 108, 109], "summary": {"covered_lines": 14, "num_statements": 14, "percent_covered": 100.0, "percent_covered_display": "100", "missing_lines": 0, "excluded_lines": 0, "percent_statements_covered": 100.0, "percent_statements_covered_display": "100"}, "missing_lines": [], "excluded_lines": []}, "delete_space": {"executed_lines": [122, 123, 124, 126, 127, 128, 129, 131, 132, 133], "summary": {"covered_lines": 10, "num_statements": 10, "percent_covered": 100.0, "percent_covered_display": "100", "missing_lines": 0, "excluded_lines": 0, "percent_statements_covered": 100.0, "percent_statements_covered_display": "100"}, "missing_lines": [], "excluded_lines": []}, "switch_space": {"executed_lines": [146, 147, 149, 150, 151], "summary": {"covered_lines": 5, "num_statements": 5, "percent_covered": 100.0, "percent_covered_display": "100", "missing_lines": 0, "excluded_lines": 0, "percent_statements_covered": 100.0, "percent_statements_covered_display": "100"}, "missing_lines": [], "excluded_lines": []}, "save_current_space": {"executed_lines": [160, 161, 162, 163, 164, 165, 166], "summary": {"covered_lines": 7, "num_statements": 7, "percent_covered": 100.0, "percent_covered_display": "100", "missing_lines": 0, "excluded_lines": 0, "percent_statements_covered": 100.0, "percent_statements_covered_display": "100"}, "missing_lines": [], "excluded_lines": []}, "load_current_space": {"executed_lines": [176, 177, 178, 179, 180, 181, 182, 183], "summary": {"covered_lines": 8, "num_statements": 8, "percent_covered": 100.0, "percent_covered_display": "100", "missing_lines": 0, "excluded_lines": 0, "percent_statements_covered": 100.0, "percent_statements_covered_display": "100"}, "missing_lines": [], "excluded_lines": []}, "": {"executed_lines": [23, 30, 31, 32, 33, 35, 36, 38, 41, 60, 86, 112, 136, 154, 169], "summary": {"covered_lines": 14, "num_statements": 14, "percent_covered": 100.0, "percent_covered_display": "100", "missing_lines": 0, "excluded_lines": 0, "percent_statements_covered": 100.0, "percent_statements_covered_display": "100"}, "missing_lines": [], "excluded_lines": []}}, "classes": {"": {"executed_lines": [23, 30, 31, 32, 33, 35, 36, 38, 41, 55, 56, 57, 60, 73, 74, 75, 77, 80, 86, 93, 94, 95, 97, 98, 99, 100, 101, 102, 103, 105, 107, 108, 109, 112, 122, 123, 124, 126, 127, 128, 129, 131, 132, 133, 136, 146, 147, 149, 150, 151, 154, 160, 161, 162, 163, 164, 165, 166, 169, 176, 177, 178, 179, 180, 181, 182, 183], "summary": {"covered_lines": 66, "num_statements": 69, "percent_covered": 95.65217391304348, "percent_covered_display": "96", "missing_lines": 3, "excluded_lines": 0, "percent_statements_covered": 95.65217391304348, "percent_statements_covered_display": "96"}, "missing_lines": [81, 82, 83], "excluded_lines": []}}}}, "totals": {"covered_lines": 2259, "num_statements": 4362, "percent_covered": 51.788170563961486, "percent_covered_display": "52", "missing_lines": 2103, "excluded_lines": 4, "percent_statements_covered": 51.788170563961486, "percent_statements_covered_display": "52"}}